[0.045s] DEBUG:colcon:Command line arguments: ['/usr/bin/colcon', 'build']
[0.045s] DEBUG:colcon:Parsed command line arguments: Namespace(log_base=None, log_level=None, verb_name='build', build_base='build', install_base='install', merge_install=False, symlink_install=False, test_result_base=None, continue_on_error=False, executor='parallel', parallel_workers=28, event_handlers=None, ignore_user_meta=False, metas=['./colcon.meta'], base_paths=['.'], packages_ignore=None, packages_ignore_regex=None, paths=None, packages_up_to=None, packages_up_to_regex=None, packages_above=None, packages_above_and_dependencies=None, packages_above_depth=None, packages_select_by_dep=None, packages_skip_by_dep=None, packages_skip_up_to=None, packages_select_build_failed=False, packages_skip_build_finished=False, packages_select_test_failures=False, packages_skip_test_passed=False, packages_select=None, packages_skip=None, packages_select_regex=None, packages_skip_regex=None, packages_start=None, packages_end=None, allow_overriding=[], cmake_args=None, cmake_target=None, cmake_target_skip_unavailable=False, cmake_clean_cache=False, cmake_clean_first=False, cmake_force_configure=False, ament_cmake_args=None, catkin_cmake_args=None, catkin_skip_building_tests=False, verb_parser=<colcon_defaults.argument_parser.defaults.DefaultArgumentsDecorator object at 0x7cdab59443a0>, verb_extension=<colcon_core.verb.build.BuildVerb object at 0x7cdab5a58f40>, main=<bound method BuildVerb.main of <colcon_core.verb.build.BuildVerb object at 0x7cdab5a58f40>>)
[0.113s] Level 1:colcon.colcon_core.package_discovery:discover_packages(colcon_meta) check parameters
[0.113s] Level 1:colcon.colcon_core.package_discovery:discover_packages(recursive) check parameters
[0.113s] Level 1:colcon.colcon_core.package_discovery:discover_packages(ignore) check parameters
[0.113s] Level 1:colcon.colcon_core.package_discovery:discover_packages(path) check parameters
[0.113s] Level 1:colcon.colcon_core.package_discovery:discover_packages(colcon_meta) discover
[0.113s] Level 1:colcon.colcon_core.package_discovery:discover_packages(recursive) discover
[0.113s] INFO:colcon.colcon_core.package_discovery:Crawling recursively for packages in '/home/ultron/Desktop/ros2_ws'
[0.113s] Level 1:colcon.colcon_core.package_identification:_identify(.) by extensions ['ignore', 'ignore_ament_install']
[0.113s] Level 1:colcon.colcon_core.package_identification:_identify(.) by extension 'ignore'
[0.113s] Level 1:colcon.colcon_core.package_identification:_identify(.) by extension 'ignore_ament_install'
[0.113s] Level 1:colcon.colcon_core.package_identification:_identify(.) by extensions ['colcon_pkg']
[0.113s] Level 1:colcon.colcon_core.package_identification:_identify(.) by extension 'colcon_pkg'
[0.113s] Level 1:colcon.colcon_core.package_identification:_identify(.) by extensions ['colcon_meta']
[0.113s] Level 1:colcon.colcon_core.package_identification:_identify(.) by extension 'colcon_meta'
[0.113s] Level 1:colcon.colcon_core.package_identification:_identify(.) by extensions ['ros']
[0.113s] Level 1:colcon.colcon_core.package_identification:_identify(.) by extension 'ros'
[0.119s] Level 1:colcon.colcon_core.package_identification:_identify(.) by extensions ['cmake', 'python']
[0.119s] Level 1:colcon.colcon_core.package_identification:_identify(.) by extension 'cmake'
[0.119s] Level 1:colcon.colcon_core.package_identification:_identify(.) by extension 'python'
[0.119s] Level 1:colcon.colcon_core.package_identification:_identify(.) by extensions ['python_setup_py']
[0.119s] Level 1:colcon.colcon_core.package_identification:_identify(.) by extension 'python_setup_py'
[0.119s] Level 1:colcon.colcon_core.package_identification:_identify(build) by extensions ['ignore', 'ignore_ament_install']
[0.119s] Level 1:colcon.colcon_core.package_identification:_identify(build) by extension 'ignore'
[0.119s] Level 1:colcon.colcon_core.package_identification:_identify(build) ignored
[0.119s] Level 1:colcon.colcon_core.package_identification:_identify(install) by extensions ['ignore', 'ignore_ament_install']
[0.119s] Level 1:colcon.colcon_core.package_identification:_identify(install) by extension 'ignore'
[0.119s] Level 1:colcon.colcon_core.package_identification:_identify(install) ignored
[0.119s] Level 1:colcon.colcon_core.package_identification:_identify(log) by extensions ['ignore', 'ignore_ament_install']
[0.119s] Level 1:colcon.colcon_core.package_identification:_identify(log) by extension 'ignore'
[0.119s] Level 1:colcon.colcon_core.package_identification:_identify(log) ignored
[0.119s] Level 1:colcon.colcon_core.package_identification:_identify(src) by extensions ['ignore', 'ignore_ament_install']
[0.119s] Level 1:colcon.colcon_core.package_identification:_identify(src) by extension 'ignore'
[0.119s] Level 1:colcon.colcon_core.package_identification:_identify(src) by extension 'ignore_ament_install'
[0.119s] Level 1:colcon.colcon_core.package_identification:_identify(src) by extensions ['colcon_pkg']
[0.119s] Level 1:colcon.colcon_core.package_identification:_identify(src) by extension 'colcon_pkg'
[0.119s] Level 1:colcon.colcon_core.package_identification:_identify(src) by extensions ['colcon_meta']
[0.119s] Level 1:colcon.colcon_core.package_identification:_identify(src) by extension 'colcon_meta'
[0.119s] Level 1:colcon.colcon_core.package_identification:_identify(src) by extensions ['ros']
[0.119s] Level 1:colcon.colcon_core.package_identification:_identify(src) by extension 'ros'
[0.119s] Level 1:colcon.colcon_core.package_identification:_identify(src) by extensions ['cmake', 'python']
[0.119s] Level 1:colcon.colcon_core.package_identification:_identify(src) by extension 'cmake'
[0.119s] Level 1:colcon.colcon_core.package_identification:_identify(src) by extension 'python'
[0.119s] Level 1:colcon.colcon_core.package_identification:_identify(src) by extensions ['python_setup_py']
[0.119s] Level 1:colcon.colcon_core.package_identification:_identify(src) by extension 'python_setup_py'
[0.119s] Level 1:colcon.colcon_core.package_identification:_identify(src/rm_serial_driver) by extensions ['ignore', 'ignore_ament_install']
[0.119s] Level 1:colcon.colcon_core.package_identification:_identify(src/rm_serial_driver) by extension 'ignore'
[0.119s] Level 1:colcon.colcon_core.package_identification:_identify(src/rm_serial_driver) by extension 'ignore_ament_install'
[0.119s] Level 1:colcon.colcon_core.package_identification:_identify(src/rm_serial_driver) by extensions ['colcon_pkg']
[0.119s] Level 1:colcon.colcon_core.package_identification:_identify(src/rm_serial_driver) by extension 'colcon_pkg'
[0.119s] Level 1:colcon.colcon_core.package_identification:_identify(src/rm_serial_driver) by extensions ['colcon_meta']
[0.119s] Level 1:colcon.colcon_core.package_identification:_identify(src/rm_serial_driver) by extension 'colcon_meta'
[0.119s] Level 1:colcon.colcon_core.package_identification:_identify(src/rm_serial_driver) by extensions ['ros']
[0.119s] Level 1:colcon.colcon_core.package_identification:_identify(src/rm_serial_driver) by extension 'ros'
[0.121s] DEBUG:colcon.colcon_core.package_identification:Package 'src/rm_serial_driver' with type 'ros.ament_cmake' and name 'rm_serial_driver'
[0.121s] Level 1:colcon.colcon_core.package_identification:_identify(src/vr_interfaces) by extensions ['ignore', 'ignore_ament_install']
[0.121s] Level 1:colcon.colcon_core.package_identification:_identify(src/vr_interfaces) by extension 'ignore'
[0.121s] Level 1:colcon.colcon_core.package_identification:_identify(src/vr_interfaces) by extension 'ignore_ament_install'
[0.121s] Level 1:colcon.colcon_core.package_identification:_identify(src/vr_interfaces) by extensions ['colcon_pkg']
[0.121s] Level 1:colcon.colcon_core.package_identification:_identify(src/vr_interfaces) by extension 'colcon_pkg'
[0.121s] Level 1:colcon.colcon_core.package_identification:_identify(src/vr_interfaces) by extensions ['colcon_meta']
[0.121s] Level 1:colcon.colcon_core.package_identification:_identify(src/vr_interfaces) by extension 'colcon_meta'
[0.121s] Level 1:colcon.colcon_core.package_identification:_identify(src/vr_interfaces) by extensions ['ros']
[0.121s] Level 1:colcon.colcon_core.package_identification:_identify(src/vr_interfaces) by extension 'ros'
[0.122s] DEBUG:colcon.colcon_core.package_identification:Package 'src/vr_interfaces' with type 'ros.ament_cmake' and name 'vr_interfaces'
[0.122s] Level 1:colcon.colcon_core.package_discovery:discover_packages(recursive) using defaults
[0.122s] Level 1:colcon.colcon_core.package_discovery:discover_packages(ignore) discover
[0.122s] Level 1:colcon.colcon_core.package_discovery:discover_packages(ignore) using defaults
[0.122s] Level 1:colcon.colcon_core.package_discovery:discover_packages(path) discover
[0.122s] Level 1:colcon.colcon_core.package_discovery:discover_packages(path) using defaults
[0.131s] Level 1:colcon.colcon_core.package_discovery:discover_packages(prefix_path) check parameters
[0.131s] Level 1:colcon.colcon_core.package_discovery:discover_packages(prefix_path) discover
[0.132s] DEBUG:colcon.colcon_installed_package_information.package_discovery:Found 274 installed packages in /opt/ros/humble
[0.133s] Level 1:colcon.colcon_core.package_discovery:discover_packages(prefix_path) using defaults
[0.152s] Level 5:colcon.colcon_core.verb:set package 'vr_interfaces' build argument 'cmake_args' from command line to 'None'
[0.152s] Level 5:colcon.colcon_core.verb:set package 'vr_interfaces' build argument 'cmake_target' from command line to 'None'
[0.152s] Level 5:colcon.colcon_core.verb:set package 'vr_interfaces' build argument 'cmake_target_skip_unavailable' from command line to 'False'
[0.152s] Level 5:colcon.colcon_core.verb:set package 'vr_interfaces' build argument 'cmake_clean_cache' from command line to 'False'
[0.152s] Level 5:colcon.colcon_core.verb:set package 'vr_interfaces' build argument 'cmake_clean_first' from command line to 'False'
[0.152s] Level 5:colcon.colcon_core.verb:set package 'vr_interfaces' build argument 'cmake_force_configure' from command line to 'False'
[0.152s] Level 5:colcon.colcon_core.verb:set package 'vr_interfaces' build argument 'ament_cmake_args' from command line to 'None'
[0.152s] Level 5:colcon.colcon_core.verb:set package 'vr_interfaces' build argument 'catkin_cmake_args' from command line to 'None'
[0.152s] Level 5:colcon.colcon_core.verb:set package 'vr_interfaces' build argument 'catkin_skip_building_tests' from command line to 'False'
[0.152s] DEBUG:colcon.colcon_core.verb:Building package 'vr_interfaces' with the following arguments: {'ament_cmake_args': None, 'build_base': '/home/ultron/Desktop/ros2_ws/build/vr_interfaces', 'catkin_cmake_args': None, 'catkin_skip_building_tests': False, 'cmake_args': None, 'cmake_clean_cache': False, 'cmake_clean_first': False, 'cmake_force_configure': False, 'cmake_target': None, 'cmake_target_skip_unavailable': False, 'install_base': '/home/ultron/Desktop/ros2_ws/install/vr_interfaces', 'merge_install': False, 'path': '/home/ultron/Desktop/ros2_ws/src/vr_interfaces', 'symlink_install': False, 'test_result_base': None}
[0.152s] Level 5:colcon.colcon_core.verb:set package 'rm_serial_driver' build argument 'cmake_args' from command line to 'None'
[0.152s] Level 5:colcon.colcon_core.verb:set package 'rm_serial_driver' build argument 'cmake_target' from command line to 'None'
[0.152s] Level 5:colcon.colcon_core.verb:set package 'rm_serial_driver' build argument 'cmake_target_skip_unavailable' from command line to 'False'
[0.152s] Level 5:colcon.colcon_core.verb:set package 'rm_serial_driver' build argument 'cmake_clean_cache' from command line to 'False'
[0.152s] Level 5:colcon.colcon_core.verb:set package 'rm_serial_driver' build argument 'cmake_clean_first' from command line to 'False'
[0.152s] Level 5:colcon.colcon_core.verb:set package 'rm_serial_driver' build argument 'cmake_force_configure' from command line to 'False'
[0.152s] Level 5:colcon.colcon_core.verb:set package 'rm_serial_driver' build argument 'ament_cmake_args' from command line to 'None'
[0.152s] Level 5:colcon.colcon_core.verb:set package 'rm_serial_driver' build argument 'catkin_cmake_args' from command line to 'None'
[0.152s] Level 5:colcon.colcon_core.verb:set package 'rm_serial_driver' build argument 'catkin_skip_building_tests' from command line to 'False'
[0.152s] DEBUG:colcon.colcon_core.verb:Building package 'rm_serial_driver' with the following arguments: {'ament_cmake_args': None, 'build_base': '/home/ultron/Desktop/ros2_ws/build/rm_serial_driver', 'catkin_cmake_args': None, 'catkin_skip_building_tests': False, 'cmake_args': None, 'cmake_clean_cache': False, 'cmake_clean_first': False, 'cmake_force_configure': False, 'cmake_target': None, 'cmake_target_skip_unavailable': False, 'install_base': '/home/ultron/Desktop/ros2_ws/install/rm_serial_driver', 'merge_install': False, 'path': '/home/ultron/Desktop/ros2_ws/src/rm_serial_driver', 'symlink_install': False, 'test_result_base': None}
[0.153s] INFO:colcon.colcon_core.executor:Executing jobs using 'parallel' executor
[0.153s] DEBUG:colcon.colcon_parallel_executor.executor.parallel:run_until_complete
[0.153s] INFO:colcon.colcon_ros.task.ament_cmake.build:Building ROS package in '/home/ultron/Desktop/ros2_ws/src/vr_interfaces' with build type 'ament_cmake'
[0.154s] INFO:colcon.colcon_cmake.task.cmake.build:Building CMake package in '/home/ultron/Desktop/ros2_ws/src/vr_interfaces'
[0.154s] INFO:colcon.colcon_core.plugin_system:Skipping extension 'colcon_core.shell.bat': Not used on non-Windows systems
[0.154s] INFO:colcon.colcon_core.shell:Skip shell extension 'powershell' for command environment: Not usable outside of PowerShell
[0.154s] DEBUG:colcon.colcon_core.shell:Skip shell extension 'dsv' for command environment
[0.159s] DEBUG:colcon.colcon_core.event_handler.log_command:Invoking command in '/home/ultron/Desktop/ros2_ws/build/vr_interfaces': CMAKE_PREFIX_PATH=/opt/ros/humble /usr/bin/cmake /home/ultron/Desktop/ros2_ws/src/vr_interfaces -DCMAKE_INSTALL_PREFIX=/home/ultron/Desktop/ros2_ws/install/vr_interfaces
[1.291s] DEBUG:colcon.colcon_core.event_handler.log_command:Invoked command in '/home/ultron/Desktop/ros2_ws/build/vr_interfaces' returned '0': CMAKE_PREFIX_PATH=/opt/ros/humble /usr/bin/cmake /home/ultron/Desktop/ros2_ws/src/vr_interfaces -DCMAKE_INSTALL_PREFIX=/home/ultron/Desktop/ros2_ws/install/vr_interfaces
[1.291s] DEBUG:colcon.colcon_core.event_handler.log_command:Invoking command in '/home/ultron/Desktop/ros2_ws/build/vr_interfaces': CMAKE_PREFIX_PATH=/opt/ros/humble /usr/bin/cmake --build /home/ultron/Desktop/ros2_ws/build/vr_interfaces -- -j28 -l28
[2.259s] DEBUG:colcon.colcon_core.event_handler.log_command:Invoked command in '/home/ultron/Desktop/ros2_ws/build/vr_interfaces' returned '0': CMAKE_PREFIX_PATH=/opt/ros/humble /usr/bin/cmake --build /home/ultron/Desktop/ros2_ws/build/vr_interfaces -- -j28 -l28
[2.307s] DEBUG:colcon.colcon_core.event_handler.log_command:Invoking command in '/home/ultron/Desktop/ros2_ws/build/vr_interfaces': CMAKE_PREFIX_PATH=/opt/ros/humble /usr/bin/cmake --install /home/ultron/Desktop/ros2_ws/build/vr_interfaces
[2.338s] Level 1:colcon.colcon_core.environment:create_environment_scripts_only(vr_interfaces)
[2.339s] DEBUG:colcon.colcon_core.event_handler.log_command:Invoked command in '/home/ultron/Desktop/ros2_ws/build/vr_interfaces' returned '0': CMAKE_PREFIX_PATH=/opt/ros/humble /usr/bin/cmake --install /home/ultron/Desktop/ros2_ws/build/vr_interfaces
[2.340s] Level 1:colcon.colcon_core.environment:checking '/home/ultron/Desktop/ros2_ws/install/vr_interfaces' for CMake module files
[2.340s] Level 1:colcon.colcon_core.environment:checking '/home/ultron/Desktop/ros2_ws/install/vr_interfaces' for CMake config files
[2.340s] Level 1:colcon.colcon_core.shell:create_environment_hook('vr_interfaces', 'cmake_prefix_path')
[2.340s] INFO:colcon.colcon_core.shell:Creating environment hook '/home/ultron/Desktop/ros2_ws/install/vr_interfaces/share/vr_interfaces/hook/cmake_prefix_path.ps1'
[2.341s] INFO:colcon.colcon_core.shell:Creating environment descriptor '/home/ultron/Desktop/ros2_ws/install/vr_interfaces/share/vr_interfaces/hook/cmake_prefix_path.dsv'
[2.341s] INFO:colcon.colcon_core.shell:Creating environment hook '/home/ultron/Desktop/ros2_ws/install/vr_interfaces/share/vr_interfaces/hook/cmake_prefix_path.sh'
[2.341s] Level 1:colcon.colcon_core.environment:checking '/home/ultron/Desktop/ros2_ws/install/vr_interfaces/lib'
[2.341s] Level 1:colcon.colcon_core.shell:create_environment_hook('vr_interfaces', 'ld_library_path_lib')
[2.341s] INFO:colcon.colcon_core.shell:Creating environment hook '/home/ultron/Desktop/ros2_ws/install/vr_interfaces/share/vr_interfaces/hook/ld_library_path_lib.ps1'
[2.341s] INFO:colcon.colcon_core.shell:Creating environment descriptor '/home/ultron/Desktop/ros2_ws/install/vr_interfaces/share/vr_interfaces/hook/ld_library_path_lib.dsv'
[2.342s] INFO:colcon.colcon_core.shell:Creating environment hook '/home/ultron/Desktop/ros2_ws/install/vr_interfaces/share/vr_interfaces/hook/ld_library_path_lib.sh'
[2.342s] Level 1:colcon.colcon_core.environment:checking '/home/ultron/Desktop/ros2_ws/install/vr_interfaces/bin'
[2.342s] Level 1:colcon.colcon_core.environment:checking '/home/ultron/Desktop/ros2_ws/install/vr_interfaces/lib/pkgconfig/vr_interfaces.pc'
[2.342s] Level 1:colcon.colcon_core.environment:checking '/home/ultron/Desktop/ros2_ws/install/vr_interfaces/lib/python3.10/site-packages'
[2.342s] Level 1:colcon.colcon_core.environment:checking '/home/ultron/Desktop/ros2_ws/install/vr_interfaces/bin'
[2.342s] INFO:colcon.colcon_core.shell:Creating package script '/home/ultron/Desktop/ros2_ws/install/vr_interfaces/share/vr_interfaces/package.ps1'
[2.342s] INFO:colcon.colcon_core.shell:Creating package descriptor '/home/ultron/Desktop/ros2_ws/install/vr_interfaces/share/vr_interfaces/package.dsv'
[2.343s] INFO:colcon.colcon_core.shell:Creating package script '/home/ultron/Desktop/ros2_ws/install/vr_interfaces/share/vr_interfaces/package.sh'
[2.343s] INFO:colcon.colcon_core.shell:Creating package script '/home/ultron/Desktop/ros2_ws/install/vr_interfaces/share/vr_interfaces/package.bash'
[2.343s] INFO:colcon.colcon_core.shell:Creating package script '/home/ultron/Desktop/ros2_ws/install/vr_interfaces/share/vr_interfaces/package.zsh'
[2.343s] Level 1:colcon.colcon_core.environment:create_file_with_runtime_dependencies(/home/ultron/Desktop/ros2_ws/install/vr_interfaces/share/colcon-core/packages/vr_interfaces)
[2.385s] Level 1:colcon.colcon_core.environment:create_environment_scripts_only(vr_interfaces)
[2.385s] Level 1:colcon.colcon_core.environment:checking '/home/ultron/Desktop/ros2_ws/install/vr_interfaces' for CMake module files
[2.386s] Level 1:colcon.colcon_core.environment:checking '/home/ultron/Desktop/ros2_ws/install/vr_interfaces' for CMake config files
[2.386s] Level 1:colcon.colcon_core.shell:create_environment_hook('vr_interfaces', 'cmake_prefix_path')
[2.386s] INFO:colcon.colcon_core.shell:Creating environment hook '/home/ultron/Desktop/ros2_ws/install/vr_interfaces/share/vr_interfaces/hook/cmake_prefix_path.ps1'
[2.386s] INFO:colcon.colcon_core.shell:Creating environment descriptor '/home/ultron/Desktop/ros2_ws/install/vr_interfaces/share/vr_interfaces/hook/cmake_prefix_path.dsv'
[2.386s] INFO:colcon.colcon_core.shell:Creating environment hook '/home/ultron/Desktop/ros2_ws/install/vr_interfaces/share/vr_interfaces/hook/cmake_prefix_path.sh'
[2.386s] Level 1:colcon.colcon_core.environment:checking '/home/ultron/Desktop/ros2_ws/install/vr_interfaces/lib'
[2.387s] Level 1:colcon.colcon_core.shell:create_environment_hook('vr_interfaces', 'ld_library_path_lib')
[2.387s] INFO:colcon.colcon_core.shell:Creating environment hook '/home/ultron/Desktop/ros2_ws/install/vr_interfaces/share/vr_interfaces/hook/ld_library_path_lib.ps1'
[2.387s] INFO:colcon.colcon_core.shell:Creating environment descriptor '/home/ultron/Desktop/ros2_ws/install/vr_interfaces/share/vr_interfaces/hook/ld_library_path_lib.dsv'
[2.387s] INFO:colcon.colcon_core.shell:Creating environment hook '/home/ultron/Desktop/ros2_ws/install/vr_interfaces/share/vr_interfaces/hook/ld_library_path_lib.sh'
[2.387s] Level 1:colcon.colcon_core.environment:checking '/home/ultron/Desktop/ros2_ws/install/vr_interfaces/bin'
[2.387s] Level 1:colcon.colcon_core.environment:checking '/home/ultron/Desktop/ros2_ws/install/vr_interfaces/lib/pkgconfig/vr_interfaces.pc'
[2.387s] Level 1:colcon.colcon_core.environment:checking '/home/ultron/Desktop/ros2_ws/install/vr_interfaces/lib/python3.10/site-packages'
[2.387s] Level 1:colcon.colcon_core.environment:checking '/home/ultron/Desktop/ros2_ws/install/vr_interfaces/bin'
[2.387s] INFO:colcon.colcon_core.shell:Creating package script '/home/ultron/Desktop/ros2_ws/install/vr_interfaces/share/vr_interfaces/package.ps1'
[2.388s] INFO:colcon.colcon_core.shell:Creating package descriptor '/home/ultron/Desktop/ros2_ws/install/vr_interfaces/share/vr_interfaces/package.dsv'
[2.388s] INFO:colcon.colcon_core.shell:Creating package script '/home/ultron/Desktop/ros2_ws/install/vr_interfaces/share/vr_interfaces/package.sh'
[2.388s] INFO:colcon.colcon_core.shell:Creating package script '/home/ultron/Desktop/ros2_ws/install/vr_interfaces/share/vr_interfaces/package.bash'
[2.388s] INFO:colcon.colcon_core.shell:Creating package script '/home/ultron/Desktop/ros2_ws/install/vr_interfaces/share/vr_interfaces/package.zsh'
[2.388s] Level 1:colcon.colcon_core.environment:create_file_with_runtime_dependencies(/home/ultron/Desktop/ros2_ws/install/vr_interfaces/share/colcon-core/packages/vr_interfaces)
[2.388s] INFO:colcon.colcon_ros.task.ament_cmake.build:Building ROS package in '/home/ultron/Desktop/ros2_ws/src/rm_serial_driver' with build type 'ament_cmake'
[2.389s] INFO:colcon.colcon_cmake.task.cmake.build:Building CMake package in '/home/ultron/Desktop/ros2_ws/src/rm_serial_driver'
[2.389s] INFO:colcon.colcon_core.shell:Skip shell extension 'powershell' for command environment: Not usable outside of PowerShell
[2.389s] DEBUG:colcon.colcon_core.shell:Skip shell extension 'dsv' for command environment
[2.394s] DEBUG:colcon.colcon_core.event_handler.log_command:Invoking command in '/home/ultron/Desktop/ros2_ws/build/rm_serial_driver': AMENT_PREFIX_PATH=/home/ultron/Desktop/ros2_ws/install/vr_interfaces:${AMENT_PREFIX_PATH} CMAKE_PREFIX_PATH=/home/ultron/Desktop/ros2_ws/install/vr_interfaces:/opt/ros/humble LD_LIBRARY_PATH=/home/ultron/Desktop/ros2_ws/install/vr_interfaces/lib:${LD_LIBRARY_PATH} PYTHONPATH=/home/ultron/Desktop/ros2_ws/install/vr_interfaces/local/lib/python3.10/dist-packages:${PYTHONPATH} /usr/bin/cmake /home/ultron/Desktop/ros2_ws/src/rm_serial_driver -DCMAKE_INSTALL_PREFIX=/home/ultron/Desktop/ros2_ws/install/rm_serial_driver
[3.157s] DEBUG:colcon.colcon_core.event_handler.log_command:Invoked command in '/home/ultron/Desktop/ros2_ws/build/rm_serial_driver' returned '0': AMENT_PREFIX_PATH=/home/ultron/Desktop/ros2_ws/install/vr_interfaces:${AMENT_PREFIX_PATH} CMAKE_PREFIX_PATH=/home/ultron/Desktop/ros2_ws/install/vr_interfaces:/opt/ros/humble LD_LIBRARY_PATH=/home/ultron/Desktop/ros2_ws/install/vr_interfaces/lib:${LD_LIBRARY_PATH} PYTHONPATH=/home/ultron/Desktop/ros2_ws/install/vr_interfaces/local/lib/python3.10/dist-packages:${PYTHONPATH} /usr/bin/cmake /home/ultron/Desktop/ros2_ws/src/rm_serial_driver -DCMAKE_INSTALL_PREFIX=/home/ultron/Desktop/ros2_ws/install/rm_serial_driver
[3.158s] DEBUG:colcon.colcon_core.event_handler.log_command:Invoking command in '/home/ultron/Desktop/ros2_ws/build/rm_serial_driver': AMENT_PREFIX_PATH=/home/ultron/Desktop/ros2_ws/install/vr_interfaces:${AMENT_PREFIX_PATH} CMAKE_PREFIX_PATH=/home/ultron/Desktop/ros2_ws/install/vr_interfaces:/opt/ros/humble LD_LIBRARY_PATH=/home/ultron/Desktop/ros2_ws/install/vr_interfaces/lib:${LD_LIBRARY_PATH} PYTHONPATH=/home/ultron/Desktop/ros2_ws/install/vr_interfaces/local/lib/python3.10/dist-packages:${PYTHONPATH} /usr/bin/cmake --build /home/ultron/Desktop/ros2_ws/build/rm_serial_driver -- -j28 -l28
[5.390s] DEBUG:colcon.colcon_core.event_handler.log_command:Invoked command in '/home/ultron/Desktop/ros2_ws/build/rm_serial_driver' returned '2': AMENT_PREFIX_PATH=/home/ultron/Desktop/ros2_ws/install/vr_interfaces:${AMENT_PREFIX_PATH} CMAKE_PREFIX_PATH=/home/ultron/Desktop/ros2_ws/install/vr_interfaces:/opt/ros/humble LD_LIBRARY_PATH=/home/ultron/Desktop/ros2_ws/install/vr_interfaces/lib:${LD_LIBRARY_PATH} PYTHONPATH=/home/ultron/Desktop/ros2_ws/install/vr_interfaces/local/lib/python3.10/dist-packages:${PYTHONPATH} /usr/bin/cmake --build /home/ultron/Desktop/ros2_ws/build/rm_serial_driver -- -j28 -l28
[5.412s] Level 1:colcon.colcon_core.environment:create_environment_scripts_only(rm_serial_driver)
[5.412s] Level 1:colcon.colcon_core.environment:checking '/home/ultron/Desktop/ros2_ws/install/rm_serial_driver' for CMake module files
[5.412s] Level 1:colcon.colcon_core.environment:checking '/home/ultron/Desktop/ros2_ws/install/rm_serial_driver' for CMake config files
[5.412s] Level 1:colcon.colcon_core.environment:checking '/home/ultron/Desktop/ros2_ws/install/rm_serial_driver/bin'
[5.412s] Level 1:colcon.colcon_core.environment:checking '/home/ultron/Desktop/ros2_ws/install/rm_serial_driver/lib/pkgconfig/rm_serial_driver.pc'
[5.412s] Level 1:colcon.colcon_core.environment:checking '/home/ultron/Desktop/ros2_ws/install/rm_serial_driver/lib/python3.10/site-packages'
[5.412s] Level 1:colcon.colcon_core.environment:checking '/home/ultron/Desktop/ros2_ws/install/rm_serial_driver/bin'
[5.413s] INFO:colcon.colcon_core.shell:Creating package script '/home/ultron/Desktop/ros2_ws/install/rm_serial_driver/share/rm_serial_driver/package.ps1'
[5.413s] INFO:colcon.colcon_core.shell:Creating package descriptor '/home/ultron/Desktop/ros2_ws/install/rm_serial_driver/share/rm_serial_driver/package.dsv'
[5.413s] INFO:colcon.colcon_core.shell:Creating package script '/home/ultron/Desktop/ros2_ws/install/rm_serial_driver/share/rm_serial_driver/package.sh'
[5.413s] INFO:colcon.colcon_core.shell:Creating package script '/home/ultron/Desktop/ros2_ws/install/rm_serial_driver/share/rm_serial_driver/package.bash'
[5.413s] INFO:colcon.colcon_core.shell:Creating package script '/home/ultron/Desktop/ros2_ws/install/rm_serial_driver/share/rm_serial_driver/package.zsh'
[5.413s] Level 1:colcon.colcon_core.environment:create_file_with_runtime_dependencies(/home/ultron/Desktop/ros2_ws/install/rm_serial_driver/share/colcon-core/packages/rm_serial_driver)
[5.424s] DEBUG:colcon.colcon_parallel_executor.executor.parallel:closing loop
[5.424s] DEBUG:colcon.colcon_parallel_executor.executor.parallel:loop closed
[5.424s] DEBUG:colcon.colcon_parallel_executor.executor.parallel:run_until_complete finished with '2'
[5.424s] DEBUG:colcon.colcon_core.event_reactor:joining thread
[5.426s] INFO:colcon.colcon_core.plugin_system:Skipping extension 'colcon_notification.desktop_notification.terminal_notifier': Not used on non-Darwin systems
[5.426s] INFO:colcon.colcon_core.plugin_system:Skipping extension 'colcon_notification.desktop_notification.win32': Not used on non-Windows systems
[5.426s] INFO:colcon.colcon_notification.desktop_notification:Sending desktop notification using 'notify2'
[5.503s] DEBUG:colcon.colcon_core.event_reactor:joined thread
[5.503s] INFO:colcon.colcon_core.shell:Creating prefix script '/home/ultron/Desktop/ros2_ws/install/local_setup.ps1'
[5.503s] INFO:colcon.colcon_core.shell:Creating prefix util module '/home/ultron/Desktop/ros2_ws/install/_local_setup_util_ps1.py'
[5.504s] INFO:colcon.colcon_core.shell:Creating prefix chain script '/home/ultron/Desktop/ros2_ws/install/setup.ps1'
[5.504s] INFO:colcon.colcon_core.shell:Creating prefix script '/home/ultron/Desktop/ros2_ws/install/local_setup.sh'
[5.504s] INFO:colcon.colcon_core.shell:Creating prefix util module '/home/ultron/Desktop/ros2_ws/install/_local_setup_util_sh.py'
[5.505s] INFO:colcon.colcon_core.shell:Creating prefix chain script '/home/ultron/Desktop/ros2_ws/install/setup.sh'
[5.505s] INFO:colcon.colcon_core.shell:Creating prefix script '/home/ultron/Desktop/ros2_ws/install/local_setup.bash'
[5.505s] INFO:colcon.colcon_core.shell:Creating prefix chain script '/home/ultron/Desktop/ros2_ws/install/setup.bash'
[5.506s] INFO:colcon.colcon_core.shell:Creating prefix script '/home/ultron/Desktop/ros2_ws/install/local_setup.zsh'
[5.506s] INFO:colcon.colcon_core.shell:Creating prefix chain script '/home/ultron/Desktop/ros2_ws/install/setup.zsh'
