-- The C compiler identification is GNU 11.4.0
-- The CXX compiler identification is GNU 11.4.0
-- Detecting C compiler ABI info
-- Detecting C compiler ABI info - done
-- Check for working C compiler: /usr/bin/cc - skipped
-- Detecting C compile features
-- Detecting C compile features - done
-- Detecting CXX compiler ABI info
-- Detecting CXX compiler ABI info - done
-- Check for working CXX compiler: /usr/bin/c++ - skipped
-- Detecting CXX compile features
-- Detecting CXX compile features - done
-- Found ament_cmake_auto: 1.3.11 (/opt/ros/humble/share/ament_cmake_auto/cmake)
-- Found Python3: /usr/bin/python3 (found version "3.10.12") found components: Interpreter 
-- Found rosidl_default_generators: 1.2.0 (/opt/ros/humble/share/rosidl_default_generators/cmake)
-- Using all available rosidl_typesupport_c: rosidl_typesupport_fastrtps_c;rosidl_typesupport_introspection_c
-- Found rosidl_adapter: 3.1.6 (/opt/ros/humble/share/rosidl_adapter/cmake)
-- Using all available rosidl_typesupport_cpp: rosidl_typesupport_fastrtps_cpp;rosidl_typesupport_introspection_cpp
-- Found rmw_implementation_cmake: 6.1.2 (/opt/ros/humble/share/rmw_implementation_cmake/cmake)
-- Found rmw_fastrtps_cpp: 6.2.7 (/opt/ros/humble/share/rmw_fastrtps_cpp/cmake)
-- Found OpenSSL: /usr/lib/x86_64-linux-gnu/libcrypto.so (found version "3.0.2")  
-- Found FastRTPS: /opt/ros/humble/include  
-- Using RMW implementation 'rmw_fastrtps_cpp' as default
-- Looking for pthread.h
-- Looking for pthread.h - found
-- Performing Test CMAKE_HAVE_LIBC_PTHREAD
-- Performing Test CMAKE_HAVE_LIBC_PTHREAD - Success
-- Found Threads: TRUE  
-- Found ament_cmake_ros: 0.10.0 (/opt/ros/humble/share/ament_cmake_ros/cmake)
-- Using all available rosidl_typesupport_c: rosidl_typesupport_fastrtps_c;rosidl_typesupport_introspection_c
-- Using all available rosidl_typesupport_cpp: rosidl_typesupport_fastrtps_cpp;rosidl_typesupport_introspection_cpp
-- Found PythonInterp: /usr/bin/python3 (found suitable version "3.10.12", minimum required is "3.6") 
-- Found python_cmake_module: 0.10.0 (/opt/ros/humble/share/python_cmake_module/cmake)
-- Found PythonLibs: /usr/lib/x86_64-linux-gnu/libpython3.10.so (found suitable version "3.10.12", minimum required is "3.5") 
-- Using PYTHON_EXECUTABLE: /usr/bin/python3
-- Using PYTHON_INCLUDE_DIRS: /usr/include/python3.10
-- Using PYTHON_LIBRARIES: /usr/lib/x86_64-linux-gnu/libpython3.10.so
-- Found PythonExtra: .so  
-- Configuring done
-- Generating done
-- Build files have been written to: /home/ultron/Desktop/ros2_ws/build/vr_interfaces
[  3%] [34m[1mGenerating C code for ROS interfaces[0m
[  6%] [34m[1mGenerating C++ code for ROS interfaces[0m
[  6%] Built target ament_cmake_python_copy_vr_interfaces
running egg_info
creating vr_interfaces.egg-info
writing vr_interfaces.egg-info/PKG-INFO
writing dependency_links to vr_interfaces.egg-info/dependency_links.txt
writing top-level names to vr_interfaces.egg-info/top_level.txt
writing manifest file 'vr_interfaces.egg-info/SOURCES.txt'
reading manifest file 'vr_interfaces.egg-info/SOURCES.txt'
writing manifest file 'vr_interfaces.egg-info/SOURCES.txt'
[  6%] Built target ament_cmake_python_build_vr_interfaces_egg
[  9%] [32mBuilding C object CMakeFiles/vr_interfaces__rosidl_generator_c.dir/rosidl_generator_c/vr_interfaces/msg/detail/pos_cmd__functions.c.o[0m
[  9%] Built target vr_interfaces__cpp
[ 12%] [34m[1mGenerating C++ type support dispatch for ROS interfaces[0m
[ 16%] [34m[1mGenerating C++ type support for eProsima Fast-RTPS[0m
[ 19%] [34m[1mGenerating C++ introspection for ROS interfaces[0m
[ 22%] [32m[1mLinking C shared library libvr_interfaces__rosidl_generator_c.so[0m
[ 22%] Built target vr_interfaces__rosidl_generator_c
[ 25%] [34m[1mGenerating C type support for eProsima Fast-RTPS[0m
[ 32%] [34m[1mGenerating C type support dispatch for ROS interfaces[0m
[ 32%] [34m[1mGenerating C introspection for ROS interfaces[0m
[ 35%] [32mBuilding CXX object CMakeFiles/vr_interfaces__rosidl_typesupport_cpp.dir/rosidl_typesupport_cpp/vr_interfaces/msg/pos_cmd__type_support.cpp.o[0m
[ 38%] [32mBuilding CXX object CMakeFiles/vr_interfaces__rosidl_typesupport_introspection_cpp.dir/rosidl_typesupport_introspection_cpp/vr_interfaces/msg/detail/pos_cmd__type_support.cpp.o[0m
[ 41%] [32mBuilding CXX object CMakeFiles/vr_interfaces__rosidl_typesupport_fastrtps_cpp.dir/rosidl_typesupport_fastrtps_cpp/vr_interfaces/msg/detail/dds_fastrtps/pos_cmd__type_support.cpp.o[0m
[ 45%] [32mBuilding CXX object CMakeFiles/vr_interfaces__rosidl_typesupport_c.dir/rosidl_typesupport_c/vr_interfaces/msg/pos_cmd__type_support.cpp.o[0m
[ 48%] [32mBuilding CXX object CMakeFiles/vr_interfaces__rosidl_typesupport_fastrtps_c.dir/rosidl_typesupport_fastrtps_c/vr_interfaces/msg/detail/pos_cmd__type_support_c.cpp.o[0m
[ 51%] [32mBuilding C object CMakeFiles/vr_interfaces__rosidl_typesupport_introspection_c.dir/rosidl_typesupport_introspection_c/vr_interfaces/msg/detail/pos_cmd__type_support.c.o[0m
[ 54%] [32m[1mLinking CXX shared library libvr_interfaces__rosidl_typesupport_c.so[0m
[ 58%] [32m[1mLinking C shared library libvr_interfaces__rosidl_typesupport_introspection_c.so[0m
[ 58%] Built target vr_interfaces__rosidl_typesupport_c
[ 58%] Built target vr_interfaces__rosidl_typesupport_introspection_c
[ 61%] [32m[1mLinking CXX shared library libvr_interfaces__rosidl_typesupport_cpp.so[0m
[ 61%] Built target vr_interfaces__rosidl_typesupport_cpp
[ 64%] [32m[1mLinking CXX shared library libvr_interfaces__rosidl_typesupport_introspection_cpp.so[0m
[ 67%] [32m[1mLinking CXX shared library libvr_interfaces__rosidl_typesupport_fastrtps_cpp.so[0m
[ 70%] [32m[1mLinking CXX shared library libvr_interfaces__rosidl_typesupport_fastrtps_c.so[0m
[ 70%] Built target vr_interfaces__rosidl_typesupport_introspection_cpp
[ 70%] Built target vr_interfaces__rosidl_typesupport_fastrtps_cpp
[ 70%] Built target vr_interfaces__rosidl_typesupport_fastrtps_c
[ 70%] Built target vr_interfaces
[ 74%] [34m[1mGenerating Python code for ROS interfaces[0m
[ 74%] Built target vr_interfaces__py
[ 77%] [32mBuilding C object CMakeFiles/vr_interfaces__rosidl_generator_py.dir/rosidl_generator_py/vr_interfaces/msg/_pos_cmd_s.c.o[0m
[ 80%] [32m[1mLinking C shared library rosidl_generator_py/vr_interfaces/libvr_interfaces__rosidl_generator_py.so[0m
[ 80%] Built target vr_interfaces__rosidl_generator_py
[ 83%] [32mBuilding C object CMakeFiles/vr_interfaces__rosidl_typesupport_fastrtps_c__pyext.dir/rosidl_generator_py/vr_interfaces/_vr_interfaces_s.ep.rosidl_typesupport_fastrtps_c.c.o[0m
[ 87%] [32mBuilding C object CMakeFiles/vr_interfaces__rosidl_typesupport_introspection_c__pyext.dir/rosidl_generator_py/vr_interfaces/_vr_interfaces_s.ep.rosidl_typesupport_introspection_c.c.o[0m
[ 90%] [32mBuilding C object CMakeFiles/vr_interfaces__rosidl_typesupport_c__pyext.dir/rosidl_generator_py/vr_interfaces/_vr_interfaces_s.ep.rosidl_typesupport_c.c.o[0m
[ 93%] [32m[1mLinking C shared library rosidl_generator_py/vr_interfaces/vr_interfaces_s__rosidl_typesupport_fastrtps_c.cpython-310-x86_64-linux-gnu.so[0m
[ 96%] [32m[1mLinking C shared library rosidl_generator_py/vr_interfaces/vr_interfaces_s__rosidl_typesupport_c.cpython-310-x86_64-linux-gnu.so[0m
[100%] [32m[1mLinking C shared library rosidl_generator_py/vr_interfaces/vr_interfaces_s__rosidl_typesupport_introspection_c.cpython-310-x86_64-linux-gnu.so[0m
[100%] Built target vr_interfaces__rosidl_typesupport_c__pyext
[100%] Built target vr_interfaces__rosidl_typesupport_fastrtps_c__pyext
[100%] Built target vr_interfaces__rosidl_typesupport_introspection_c__pyext
-- Install configuration: ""
-- Installing: /home/ultron/Desktop/ros2_ws/install/vr_interfaces/share/ament_index/resource_index/rosidl_interfaces/vr_interfaces
-- Installing: /home/ultron/Desktop/ros2_ws/install/vr_interfaces/include/vr_interfaces/vr_interfaces
-- Installing: /home/ultron/Desktop/ros2_ws/install/vr_interfaces/include/vr_interfaces/vr_interfaces/msg
-- Installing: /home/ultron/Desktop/ros2_ws/install/vr_interfaces/include/vr_interfaces/vr_interfaces/msg/detail
-- Installing: /home/ultron/Desktop/ros2_ws/install/vr_interfaces/include/vr_interfaces/vr_interfaces/msg/detail/pos_cmd__type_support.h
-- Installing: /home/ultron/Desktop/ros2_ws/install/vr_interfaces/include/vr_interfaces/vr_interfaces/msg/detail/pos_cmd__struct.h
-- Installing: /home/ultron/Desktop/ros2_ws/install/vr_interfaces/include/vr_interfaces/vr_interfaces/msg/detail/pos_cmd__functions.c
-- Installing: /home/ultron/Desktop/ros2_ws/install/vr_interfaces/include/vr_interfaces/vr_interfaces/msg/detail/pos_cmd__functions.h
-- Installing: /home/ultron/Desktop/ros2_ws/install/vr_interfaces/include/vr_interfaces/vr_interfaces/msg/pos_cmd.h
-- Installing: /home/ultron/Desktop/ros2_ws/install/vr_interfaces/include/vr_interfaces/vr_interfaces/msg/rosidl_generator_c__visibility_control.h
-- Installing: /home/ultron/Desktop/ros2_ws/install/vr_interfaces/share/vr_interfaces/environment/library_path.sh
-- Installing: /home/ultron/Desktop/ros2_ws/install/vr_interfaces/share/vr_interfaces/environment/library_path.dsv
-- Installing: /home/ultron/Desktop/ros2_ws/install/vr_interfaces/lib/libvr_interfaces__rosidl_generator_c.so
-- Set runtime path of "/home/ultron/Desktop/ros2_ws/install/vr_interfaces/lib/libvr_interfaces__rosidl_generator_c.so" to ""
-- Up-to-date: /home/ultron/Desktop/ros2_ws/install/vr_interfaces/include/vr_interfaces/vr_interfaces
-- Up-to-date: /home/ultron/Desktop/ros2_ws/install/vr_interfaces/include/vr_interfaces/vr_interfaces/msg
-- Up-to-date: /home/ultron/Desktop/ros2_ws/install/vr_interfaces/include/vr_interfaces/vr_interfaces/msg/detail
-- Installing: /home/ultron/Desktop/ros2_ws/install/vr_interfaces/include/vr_interfaces/vr_interfaces/msg/detail/pos_cmd__rosidl_typesupport_fastrtps_c.h
-- Installing: /home/ultron/Desktop/ros2_ws/install/vr_interfaces/include/vr_interfaces/vr_interfaces/msg/rosidl_typesupport_fastrtps_c__visibility_control.h
-- Installing: /home/ultron/Desktop/ros2_ws/install/vr_interfaces/lib/libvr_interfaces__rosidl_typesupport_fastrtps_c.so
-- Set runtime path of "/home/ultron/Desktop/ros2_ws/install/vr_interfaces/lib/libvr_interfaces__rosidl_typesupport_fastrtps_c.so" to ""
-- Up-to-date: /home/ultron/Desktop/ros2_ws/install/vr_interfaces/include/vr_interfaces/vr_interfaces
-- Up-to-date: /home/ultron/Desktop/ros2_ws/install/vr_interfaces/include/vr_interfaces/vr_interfaces/msg
-- Up-to-date: /home/ultron/Desktop/ros2_ws/install/vr_interfaces/include/vr_interfaces/vr_interfaces/msg/detail
-- Installing: /home/ultron/Desktop/ros2_ws/install/vr_interfaces/include/vr_interfaces/vr_interfaces/msg/detail/pos_cmd__rosidl_typesupport_introspection_c.h
-- Installing: /home/ultron/Desktop/ros2_ws/install/vr_interfaces/include/vr_interfaces/vr_interfaces/msg/detail/pos_cmd__type_support.c
-- Installing: /home/ultron/Desktop/ros2_ws/install/vr_interfaces/include/vr_interfaces/vr_interfaces/msg/rosidl_typesupport_introspection_c__visibility_control.h
-- Installing: /home/ultron/Desktop/ros2_ws/install/vr_interfaces/lib/libvr_interfaces__rosidl_typesupport_introspection_c.so
-- Set runtime path of "/home/ultron/Desktop/ros2_ws/install/vr_interfaces/lib/libvr_interfaces__rosidl_typesupport_introspection_c.so" to ""
-- Installing: /home/ultron/Desktop/ros2_ws/install/vr_interfaces/lib/libvr_interfaces__rosidl_typesupport_c.so
-- Set runtime path of "/home/ultron/Desktop/ros2_ws/install/vr_interfaces/lib/libvr_interfaces__rosidl_typesupport_c.so" to ""
-- Up-to-date: /home/ultron/Desktop/ros2_ws/install/vr_interfaces/include/vr_interfaces/vr_interfaces
-- Up-to-date: /home/ultron/Desktop/ros2_ws/install/vr_interfaces/include/vr_interfaces/vr_interfaces/msg
-- Installing: /home/ultron/Desktop/ros2_ws/install/vr_interfaces/include/vr_interfaces/vr_interfaces/msg/pos_cmd.hpp
-- Up-to-date: /home/ultron/Desktop/ros2_ws/install/vr_interfaces/include/vr_interfaces/vr_interfaces/msg/detail
-- Installing: /home/ultron/Desktop/ros2_ws/install/vr_interfaces/include/vr_interfaces/vr_interfaces/msg/detail/pos_cmd__type_support.hpp
-- Installing: /home/ultron/Desktop/ros2_ws/install/vr_interfaces/include/vr_interfaces/vr_interfaces/msg/detail/pos_cmd__struct.hpp
-- Installing: /home/ultron/Desktop/ros2_ws/install/vr_interfaces/include/vr_interfaces/vr_interfaces/msg/detail/pos_cmd__traits.hpp
-- Installing: /home/ultron/Desktop/ros2_ws/install/vr_interfaces/include/vr_interfaces/vr_interfaces/msg/detail/pos_cmd__builder.hpp
-- Installing: /home/ultron/Desktop/ros2_ws/install/vr_interfaces/include/vr_interfaces/vr_interfaces/msg/rosidl_generator_cpp__visibility_control.hpp
-- Up-to-date: /home/ultron/Desktop/ros2_ws/install/vr_interfaces/include/vr_interfaces/vr_interfaces
-- Up-to-date: /home/ultron/Desktop/ros2_ws/install/vr_interfaces/include/vr_interfaces/vr_interfaces/msg
-- Up-to-date: /home/ultron/Desktop/ros2_ws/install/vr_interfaces/include/vr_interfaces/vr_interfaces/msg/detail
-- Installing: /home/ultron/Desktop/ros2_ws/install/vr_interfaces/include/vr_interfaces/vr_interfaces/msg/detail/pos_cmd__rosidl_typesupport_fastrtps_cpp.hpp
-- Installing: /home/ultron/Desktop/ros2_ws/install/vr_interfaces/include/vr_interfaces/vr_interfaces/msg/detail/dds_fastrtps
-- Installing: /home/ultron/Desktop/ros2_ws/install/vr_interfaces/include/vr_interfaces/vr_interfaces/msg/rosidl_typesupport_fastrtps_cpp__visibility_control.h
-- Installing: /home/ultron/Desktop/ros2_ws/install/vr_interfaces/lib/libvr_interfaces__rosidl_typesupport_fastrtps_cpp.so
-- Set runtime path of "/home/ultron/Desktop/ros2_ws/install/vr_interfaces/lib/libvr_interfaces__rosidl_typesupport_fastrtps_cpp.so" to ""
-- Up-to-date: /home/ultron/Desktop/ros2_ws/install/vr_interfaces/include/vr_interfaces/vr_interfaces
-- Up-to-date: /home/ultron/Desktop/ros2_ws/install/vr_interfaces/include/vr_interfaces/vr_interfaces/msg
-- Up-to-date: /home/ultron/Desktop/ros2_ws/install/vr_interfaces/include/vr_interfaces/vr_interfaces/msg/detail
-- Installing: /home/ultron/Desktop/ros2_ws/install/vr_interfaces/include/vr_interfaces/vr_interfaces/msg/detail/pos_cmd__type_support.cpp
-- Installing: /home/ultron/Desktop/ros2_ws/install/vr_interfaces/include/vr_interfaces/vr_interfaces/msg/detail/pos_cmd__rosidl_typesupport_introspection_cpp.hpp
-- Installing: /home/ultron/Desktop/ros2_ws/install/vr_interfaces/lib/libvr_interfaces__rosidl_typesupport_introspection_cpp.so
-- Set runtime path of "/home/ultron/Desktop/ros2_ws/install/vr_interfaces/lib/libvr_interfaces__rosidl_typesupport_introspection_cpp.so" to ""
-- Installing: /home/ultron/Desktop/ros2_ws/install/vr_interfaces/lib/libvr_interfaces__rosidl_typesupport_cpp.so
-- Set runtime path of "/home/ultron/Desktop/ros2_ws/install/vr_interfaces/lib/libvr_interfaces__rosidl_typesupport_cpp.so" to ""
-- Installing: /home/ultron/Desktop/ros2_ws/install/vr_interfaces/share/vr_interfaces/environment/pythonpath.sh
-- Installing: /home/ultron/Desktop/ros2_ws/install/vr_interfaces/share/vr_interfaces/environment/pythonpath.dsv
-- Installing: /home/ultron/Desktop/ros2_ws/install/vr_interfaces/local/lib/python3.10/dist-packages/vr_interfaces-0.0.0-py3.10.egg-info
-- Installing: /home/ultron/Desktop/ros2_ws/install/vr_interfaces/local/lib/python3.10/dist-packages/vr_interfaces-0.0.0-py3.10.egg-info/SOURCES.txt
-- Installing: /home/ultron/Desktop/ros2_ws/install/vr_interfaces/local/lib/python3.10/dist-packages/vr_interfaces-0.0.0-py3.10.egg-info/top_level.txt
-- Installing: /home/ultron/Desktop/ros2_ws/install/vr_interfaces/local/lib/python3.10/dist-packages/vr_interfaces-0.0.0-py3.10.egg-info/PKG-INFO
-- Installing: /home/ultron/Desktop/ros2_ws/install/vr_interfaces/local/lib/python3.10/dist-packages/vr_interfaces-0.0.0-py3.10.egg-info/dependency_links.txt
-- Installing: /home/ultron/Desktop/ros2_ws/install/vr_interfaces/local/lib/python3.10/dist-packages/vr_interfaces
-- Installing: /home/ultron/Desktop/ros2_ws/install/vr_interfaces/local/lib/python3.10/dist-packages/vr_interfaces/__init__.py
-- Installing: /home/ultron/Desktop/ros2_ws/install/vr_interfaces/local/lib/python3.10/dist-packages/vr_interfaces/_vr_interfaces_s.ep.rosidl_typesupport_fastrtps_c.c
-- Installing: /home/ultron/Desktop/ros2_ws/install/vr_interfaces/local/lib/python3.10/dist-packages/vr_interfaces/msg
-- Installing: /home/ultron/Desktop/ros2_ws/install/vr_interfaces/local/lib/python3.10/dist-packages/vr_interfaces/msg/__init__.py
-- Installing: /home/ultron/Desktop/ros2_ws/install/vr_interfaces/local/lib/python3.10/dist-packages/vr_interfaces/msg/_pos_cmd_s.c
-- Installing: /home/ultron/Desktop/ros2_ws/install/vr_interfaces/local/lib/python3.10/dist-packages/vr_interfaces/msg/_pos_cmd.py
-- Installing: /home/ultron/Desktop/ros2_ws/install/vr_interfaces/local/lib/python3.10/dist-packages/vr_interfaces/_vr_interfaces_s.ep.rosidl_typesupport_c.c
-- Installing: /home/ultron/Desktop/ros2_ws/install/vr_interfaces/local/lib/python3.10/dist-packages/vr_interfaces/vr_interfaces_s__rosidl_typesupport_introspection_c.cpython-310-x86_64-linux-gnu.so
-- Installing: /home/ultron/Desktop/ros2_ws/install/vr_interfaces/local/lib/python3.10/dist-packages/vr_interfaces/vr_interfaces_s__rosidl_typesupport_c.cpython-310-x86_64-linux-gnu.so
-- Installing: /home/ultron/Desktop/ros2_ws/install/vr_interfaces/local/lib/python3.10/dist-packages/vr_interfaces/_vr_interfaces_s.ep.rosidl_typesupport_introspection_c.c
-- Installing: /home/ultron/Desktop/ros2_ws/install/vr_interfaces/local/lib/python3.10/dist-packages/vr_interfaces/vr_interfaces_s__rosidl_typesupport_fastrtps_c.cpython-310-x86_64-linux-gnu.so
-- Installing: /home/ultron/Desktop/ros2_ws/install/vr_interfaces/local/lib/python3.10/dist-packages/vr_interfaces/libvr_interfaces__rosidl_generator_py.so
Listing '/home/ultron/Desktop/ros2_ws/install/vr_interfaces/local/lib/python3.10/dist-packages/vr_interfaces'...
Compiling '/home/ultron/Desktop/ros2_ws/install/vr_interfaces/local/lib/python3.10/dist-packages/vr_interfaces/__init__.py'...
Listing '/home/ultron/Desktop/ros2_ws/install/vr_interfaces/local/lib/python3.10/dist-packages/vr_interfaces/msg'...
Compiling '/home/ultron/Desktop/ros2_ws/install/vr_interfaces/local/lib/python3.10/dist-packages/vr_interfaces/msg/__init__.py'...
Compiling '/home/ultron/Desktop/ros2_ws/install/vr_interfaces/local/lib/python3.10/dist-packages/vr_interfaces/msg/_pos_cmd.py'...
-- Installing: /home/ultron/Desktop/ros2_ws/install/vr_interfaces/local/lib/python3.10/dist-packages/vr_interfaces/vr_interfaces_s__rosidl_typesupport_fastrtps_c.cpython-310-x86_64-linux-gnu.so
-- Set runtime path of "/home/ultron/Desktop/ros2_ws/install/vr_interfaces/local/lib/python3.10/dist-packages/vr_interfaces/vr_interfaces_s__rosidl_typesupport_fastrtps_c.cpython-310-x86_64-linux-gnu.so" to ""
-- Installing: /home/ultron/Desktop/ros2_ws/install/vr_interfaces/local/lib/python3.10/dist-packages/vr_interfaces/vr_interfaces_s__rosidl_typesupport_introspection_c.cpython-310-x86_64-linux-gnu.so
-- Set runtime path of "/home/ultron/Desktop/ros2_ws/install/vr_interfaces/local/lib/python3.10/dist-packages/vr_interfaces/vr_interfaces_s__rosidl_typesupport_introspection_c.cpython-310-x86_64-linux-gnu.so" to ""
-- Installing: /home/ultron/Desktop/ros2_ws/install/vr_interfaces/local/lib/python3.10/dist-packages/vr_interfaces/vr_interfaces_s__rosidl_typesupport_c.cpython-310-x86_64-linux-gnu.so
-- Set runtime path of "/home/ultron/Desktop/ros2_ws/install/vr_interfaces/local/lib/python3.10/dist-packages/vr_interfaces/vr_interfaces_s__rosidl_typesupport_c.cpython-310-x86_64-linux-gnu.so" to ""
-- Installing: /home/ultron/Desktop/ros2_ws/install/vr_interfaces/lib/libvr_interfaces__rosidl_generator_py.so
-- Set runtime path of "/home/ultron/Desktop/ros2_ws/install/vr_interfaces/lib/libvr_interfaces__rosidl_generator_py.so" to ""
-- Installing: /home/ultron/Desktop/ros2_ws/install/vr_interfaces/share/vr_interfaces/msg/PosCmd.idl
-- Installing: /home/ultron/Desktop/ros2_ws/install/vr_interfaces/share/vr_interfaces/msg/PosCmd.msg
-- Installing: /home/ultron/Desktop/ros2_ws/install/vr_interfaces/share/ament_index/resource_index/package_run_dependencies/vr_interfaces
-- Installing: /home/ultron/Desktop/ros2_ws/install/vr_interfaces/share/ament_index/resource_index/parent_prefix_path/vr_interfaces
-- Installing: /home/ultron/Desktop/ros2_ws/install/vr_interfaces/share/vr_interfaces/environment/ament_prefix_path.sh
-- Installing: /home/ultron/Desktop/ros2_ws/install/vr_interfaces/share/vr_interfaces/environment/ament_prefix_path.dsv
-- Installing: /home/ultron/Desktop/ros2_ws/install/vr_interfaces/share/vr_interfaces/environment/path.sh
-- Installing: /home/ultron/Desktop/ros2_ws/install/vr_interfaces/share/vr_interfaces/environment/path.dsv
-- Installing: /home/ultron/Desktop/ros2_ws/install/vr_interfaces/share/vr_interfaces/local_setup.bash
-- Installing: /home/ultron/Desktop/ros2_ws/install/vr_interfaces/share/vr_interfaces/local_setup.sh
-- Installing: /home/ultron/Desktop/ros2_ws/install/vr_interfaces/share/vr_interfaces/local_setup.zsh
-- Installing: /home/ultron/Desktop/ros2_ws/install/vr_interfaces/share/vr_interfaces/local_setup.dsv
-- Installing: /home/ultron/Desktop/ros2_ws/install/vr_interfaces/share/vr_interfaces/package.dsv
-- Installing: /home/ultron/Desktop/ros2_ws/install/vr_interfaces/share/ament_index/resource_index/packages/vr_interfaces
-- Installing: /home/ultron/Desktop/ros2_ws/install/vr_interfaces/share/vr_interfaces/cmake/export_vr_interfaces__rosidl_generator_cExport.cmake
-- Installing: /home/ultron/Desktop/ros2_ws/install/vr_interfaces/share/vr_interfaces/cmake/export_vr_interfaces__rosidl_generator_cExport-noconfig.cmake
-- Installing: /home/ultron/Desktop/ros2_ws/install/vr_interfaces/share/vr_interfaces/cmake/export_vr_interfaces__rosidl_typesupport_fastrtps_cExport.cmake
-- Installing: /home/ultron/Desktop/ros2_ws/install/vr_interfaces/share/vr_interfaces/cmake/export_vr_interfaces__rosidl_typesupport_fastrtps_cExport-noconfig.cmake
-- Installing: /home/ultron/Desktop/ros2_ws/install/vr_interfaces/share/vr_interfaces/cmake/vr_interfaces__rosidl_typesupport_introspection_cExport.cmake
-- Installing: /home/ultron/Desktop/ros2_ws/install/vr_interfaces/share/vr_interfaces/cmake/vr_interfaces__rosidl_typesupport_introspection_cExport-noconfig.cmake
-- Installing: /home/ultron/Desktop/ros2_ws/install/vr_interfaces/share/vr_interfaces/cmake/vr_interfaces__rosidl_typesupport_cExport.cmake
-- Installing: /home/ultron/Desktop/ros2_ws/install/vr_interfaces/share/vr_interfaces/cmake/vr_interfaces__rosidl_typesupport_cExport-noconfig.cmake
-- Installing: /home/ultron/Desktop/ros2_ws/install/vr_interfaces/share/vr_interfaces/cmake/export_vr_interfaces__rosidl_generator_cppExport.cmake
-- Installing: /home/ultron/Desktop/ros2_ws/install/vr_interfaces/share/vr_interfaces/cmake/export_vr_interfaces__rosidl_typesupport_fastrtps_cppExport.cmake
-- Installing: /home/ultron/Desktop/ros2_ws/install/vr_interfaces/share/vr_interfaces/cmake/export_vr_interfaces__rosidl_typesupport_fastrtps_cppExport-noconfig.cmake
-- Installing: /home/ultron/Desktop/ros2_ws/install/vr_interfaces/share/vr_interfaces/cmake/vr_interfaces__rosidl_typesupport_introspection_cppExport.cmake
-- Installing: /home/ultron/Desktop/ros2_ws/install/vr_interfaces/share/vr_interfaces/cmake/vr_interfaces__rosidl_typesupport_introspection_cppExport-noconfig.cmake
-- Installing: /home/ultron/Desktop/ros2_ws/install/vr_interfaces/share/vr_interfaces/cmake/vr_interfaces__rosidl_typesupport_cppExport.cmake
-- Installing: /home/ultron/Desktop/ros2_ws/install/vr_interfaces/share/vr_interfaces/cmake/vr_interfaces__rosidl_typesupport_cppExport-noconfig.cmake
-- Installing: /home/ultron/Desktop/ros2_ws/install/vr_interfaces/share/vr_interfaces/cmake/export_vr_interfaces__rosidl_generator_pyExport.cmake
-- Installing: /home/ultron/Desktop/ros2_ws/install/vr_interfaces/share/vr_interfaces/cmake/export_vr_interfaces__rosidl_generator_pyExport-noconfig.cmake
-- Installing: /home/ultron/Desktop/ros2_ws/install/vr_interfaces/share/vr_interfaces/cmake/rosidl_cmake-extras.cmake
-- Installing: /home/ultron/Desktop/ros2_ws/install/vr_interfaces/share/vr_interfaces/cmake/ament_cmake_export_dependencies-extras.cmake
-- Installing: /home/ultron/Desktop/ros2_ws/install/vr_interfaces/share/vr_interfaces/cmake/ament_cmake_export_include_directories-extras.cmake
-- Installing: /home/ultron/Desktop/ros2_ws/install/vr_interfaces/share/vr_interfaces/cmake/ament_cmake_export_libraries-extras.cmake
-- Installing: /home/ultron/Desktop/ros2_ws/install/vr_interfaces/share/vr_interfaces/cmake/ament_cmake_export_targets-extras.cmake
-- Installing: /home/ultron/Desktop/ros2_ws/install/vr_interfaces/share/vr_interfaces/cmake/rosidl_cmake_export_typesupport_targets-extras.cmake
-- Installing: /home/ultron/Desktop/ros2_ws/install/vr_interfaces/share/vr_interfaces/cmake/rosidl_cmake_export_typesupport_libraries-extras.cmake
-- Installing: /home/ultron/Desktop/ros2_ws/install/vr_interfaces/share/vr_interfaces/cmake/vr_interfacesConfig.cmake
-- Installing: /home/ultron/Desktop/ros2_ws/install/vr_interfaces/share/vr_interfaces/cmake/vr_interfacesConfig-version.cmake
-- Installing: /home/ultron/Desktop/ros2_ws/install/vr_interfaces/share/vr_interfaces/package.xml
