[0.005s] Invoking command in '/home/ultron/Desktop/ros2_ws/build/vr_interfaces': CMAKE_PREFIX_PATH=/opt/ros/humble /usr/bin/cmake /home/ultron/Desktop/ros2_ws/src/vr_interfaces -DCMAKE_INSTALL_PREFIX=/home/ultron/Desktop/ros2_ws/install/vr_interfaces
[0.037s] -- The C compiler identification is GNU 11.4.0
[0.069s] -- The CXX compiler identification is GNU 11.4.0
[0.073s] -- Detecting C compiler ABI info
[0.113s] -- Detecting C compiler ABI info - done
[0.117s] -- Check for working C compiler: /usr/bin/cc - skipped
[0.117s] -- Detecting C compile features
[0.117s] -- Detecting C compile features - done
[0.119s] -- Detecting CXX compiler ABI info
[0.171s] -- Detecting CXX compiler ABI info - done
[0.175s] -- Check for working CXX compiler: /usr/bin/c++ - skipped
[0.175s] -- Detecting CXX compile features
[0.175s] -- Detecting CXX compile features - done
[0.176s] -- Found ament_cmake_auto: 1.3.11 (/opt/ros/humble/share/ament_cmake_auto/cmake)
[0.256s] -- Found Python3: /usr/bin/python3 (found version "3.10.12") found components: Interpreter 
[0.297s] -- Found rosidl_default_generators: 1.2.0 (/opt/ros/humble/share/rosidl_default_generators/cmake)
[0.297s] -- Using all available rosidl_typesupport_c: rosidl_typesupport_fastrtps_c;rosidl_typesupport_introspection_c
[0.300s] -- Found rosidl_adapter: 3.1.6 (/opt/ros/humble/share/rosidl_adapter/cmake)
[0.317s] -- Using all available rosidl_typesupport_cpp: rosidl_typesupport_fastrtps_cpp;rosidl_typesupport_introspection_cpp
[0.399s] -- Found rmw_implementation_cmake: 6.1.2 (/opt/ros/humble/share/rmw_implementation_cmake/cmake)
[0.400s] -- Found rmw_fastrtps_cpp: 6.2.7 (/opt/ros/humble/share/rmw_fastrtps_cpp/cmake)
[0.451s] -- Found OpenSSL: /usr/lib/x86_64-linux-gnu/libcrypto.so (found version "3.0.2")  
[0.467s] -- Found FastRTPS: /opt/ros/humble/include  
[0.488s] -- Using RMW implementation 'rmw_fastrtps_cpp' as default
[0.491s] -- Looking for pthread.h
[0.533s] -- Looking for pthread.h - found
[0.533s] -- Performing Test CMAKE_HAVE_LIBC_PTHREAD
[0.582s] -- Performing Test CMAKE_HAVE_LIBC_PTHREAD - Success
[0.583s] -- Found Threads: TRUE  
[0.733s] -- Found ament_cmake_ros: 0.10.0 (/opt/ros/humble/share/ament_cmake_ros/cmake)
[0.869s] -- Using all available rosidl_typesupport_c: rosidl_typesupport_fastrtps_c;rosidl_typesupport_introspection_c
[1.041s] -- Using all available rosidl_typesupport_cpp: rosidl_typesupport_fastrtps_cpp;rosidl_typesupport_introspection_cpp
[1.054s] -- Found PythonInterp: /usr/bin/python3 (found suitable version "3.10.12", minimum required is "3.6") 
[1.054s] -- Found python_cmake_module: 0.10.0 (/opt/ros/humble/share/python_cmake_module/cmake)
[1.073s] -- Found PythonLibs: /usr/lib/x86_64-linux-gnu/libpython3.10.so (found suitable version "3.10.12", minimum required is "3.5") 
[1.073s] -- Using PYTHON_EXECUTABLE: /usr/bin/python3
[1.073s] -- Using PYTHON_INCLUDE_DIRS: /usr/include/python3.10
[1.073s] -- Using PYTHON_LIBRARIES: /usr/lib/x86_64-linux-gnu/libpython3.10.so
[1.085s] -- Found PythonExtra: .so  
[1.115s] -- Configuring done
[1.129s] -- Generating done
[1.131s] -- Build files have been written to: /home/ultron/Desktop/ros2_ws/build/vr_interfaces
[1.137s] Invoked command in '/home/ultron/Desktop/ros2_ws/build/vr_interfaces' returned '0': CMAKE_PREFIX_PATH=/opt/ros/humble /usr/bin/cmake /home/ultron/Desktop/ros2_ws/src/vr_interfaces -DCMAKE_INSTALL_PREFIX=/home/ultron/Desktop/ros2_ws/install/vr_interfaces
[1.138s] Invoking command in '/home/ultron/Desktop/ros2_ws/build/vr_interfaces': CMAKE_PREFIX_PATH=/opt/ros/humble /usr/bin/cmake --build /home/ultron/Desktop/ros2_ws/build/vr_interfaces -- -j28 -l28
[1.163s] [  3%] [34m[1mGenerating C code for ROS interfaces[0m
[1.168s] [  6%] [34m[1mGenerating C++ code for ROS interfaces[0m
[1.172s] [  6%] Built target ament_cmake_python_copy_vr_interfaces
[1.276s] running egg_info
[1.277s] creating vr_interfaces.egg-info
[1.277s] writing vr_interfaces.egg-info/PKG-INFO
[1.277s] writing dependency_links to vr_interfaces.egg-info/dependency_links.txt
[1.277s] writing top-level names to vr_interfaces.egg-info/top_level.txt
[1.277s] writing manifest file 'vr_interfaces.egg-info/SOURCES.txt'
[1.278s] reading manifest file 'vr_interfaces.egg-info/SOURCES.txt'
[1.278s] writing manifest file 'vr_interfaces.egg-info/SOURCES.txt'
[1.294s] [  6%] Built target ament_cmake_python_build_vr_interfaces_egg
[1.306s] [  9%] [32mBuilding C object CMakeFiles/vr_interfaces__rosidl_generator_c.dir/rosidl_generator_c/vr_interfaces/msg/detail/pos_cmd__functions.c.o[0m
[1.310s] [  9%] Built target vr_interfaces__cpp
[1.315s] [ 12%] [34m[1mGenerating C++ type support dispatch for ROS interfaces[0m
[1.315s] [ 16%] [34m[1mGenerating C++ type support for eProsima Fast-RTPS[0m
[1.316s] [ 19%] [34m[1mGenerating C++ introspection for ROS interfaces[0m
[1.333s] [ 22%] [32m[1mLinking C shared library libvr_interfaces__rosidl_generator_c.so[0m
[1.354s] [ 22%] Built target vr_interfaces__rosidl_generator_c
[1.360s] [ 25%] [34m[1mGenerating C type support for eProsima Fast-RTPS[0m
[1.361s] [ 32%] [34m[1mGenerating C type support dispatch for ROS interfaces[0m
[1.361s] [ 32%] [34m[1mGenerating C introspection for ROS interfaces[0m
[1.443s] [ 35%] [32mBuilding CXX object CMakeFiles/vr_interfaces__rosidl_typesupport_cpp.dir/rosidl_typesupport_cpp/vr_interfaces/msg/pos_cmd__type_support.cpp.o[0m
[1.450s] [ 38%] [32mBuilding CXX object CMakeFiles/vr_interfaces__rosidl_typesupport_introspection_cpp.dir/rosidl_typesupport_introspection_cpp/vr_interfaces/msg/detail/pos_cmd__type_support.cpp.o[0m
[1.456s] [ 41%] [32mBuilding CXX object CMakeFiles/vr_interfaces__rosidl_typesupport_fastrtps_cpp.dir/rosidl_typesupport_fastrtps_cpp/vr_interfaces/msg/detail/dds_fastrtps/pos_cmd__type_support.cpp.o[0m
[1.491s] [ 45%] [32mBuilding CXX object CMakeFiles/vr_interfaces__rosidl_typesupport_c.dir/rosidl_typesupport_c/vr_interfaces/msg/pos_cmd__type_support.cpp.o[0m
[1.503s] [ 48%] [32mBuilding CXX object CMakeFiles/vr_interfaces__rosidl_typesupport_fastrtps_c.dir/rosidl_typesupport_fastrtps_c/vr_interfaces/msg/detail/pos_cmd__type_support_c.cpp.o[0m
[1.511s] [ 51%] [32mBuilding C object CMakeFiles/vr_interfaces__rosidl_typesupport_introspection_c.dir/rosidl_typesupport_introspection_c/vr_interfaces/msg/detail/pos_cmd__type_support.c.o[0m
[1.513s] [ 54%] [32m[1mLinking CXX shared library libvr_interfaces__rosidl_typesupport_c.so[0m
[1.531s] [ 58%] [32m[1mLinking C shared library libvr_interfaces__rosidl_typesupport_introspection_c.so[0m
[1.538s] [ 58%] Built target vr_interfaces__rosidl_typesupport_c
[1.551s] [ 58%] Built target vr_interfaces__rosidl_typesupport_introspection_c
[1.572s] [ 61%] [32m[1mLinking CXX shared library libvr_interfaces__rosidl_typesupport_cpp.so[0m
[1.598s] [ 61%] Built target vr_interfaces__rosidl_typesupport_cpp
[1.625s] [ 64%] [32m[1mLinking CXX shared library libvr_interfaces__rosidl_typesupport_introspection_cpp.so[0m
[1.637s] [ 67%] [32m[1mLinking CXX shared library libvr_interfaces__rosidl_typesupport_fastrtps_cpp.so[0m
[1.655s] [ 70%] [32m[1mLinking CXX shared library libvr_interfaces__rosidl_typesupport_fastrtps_c.so[0m
[1.668s] [ 70%] Built target vr_interfaces__rosidl_typesupport_introspection_cpp
[1.678s] [ 70%] Built target vr_interfaces__rosidl_typesupport_fastrtps_cpp
[1.705s] [ 70%] Built target vr_interfaces__rosidl_typesupport_fastrtps_c
[1.719s] [ 70%] Built target vr_interfaces
[1.731s] [ 74%] [34m[1mGenerating Python code for ROS interfaces[0m
[1.913s] [ 74%] Built target vr_interfaces__py
[1.927s] [ 77%] [32mBuilding C object CMakeFiles/vr_interfaces__rosidl_generator_py.dir/rosidl_generator_py/vr_interfaces/msg/_pos_cmd_s.c.o[0m
[1.982s] [ 80%] [32m[1mLinking C shared library rosidl_generator_py/vr_interfaces/libvr_interfaces__rosidl_generator_py.so[0m
[2.011s] [ 80%] Built target vr_interfaces__rosidl_generator_py
[2.026s] [ 83%] [32mBuilding C object CMakeFiles/vr_interfaces__rosidl_typesupport_fastrtps_c__pyext.dir/rosidl_generator_py/vr_interfaces/_vr_interfaces_s.ep.rosidl_typesupport_fastrtps_c.c.o[0m
[2.026s] [ 87%] [32mBuilding C object CMakeFiles/vr_interfaces__rosidl_typesupport_introspection_c__pyext.dir/rosidl_generator_py/vr_interfaces/_vr_interfaces_s.ep.rosidl_typesupport_introspection_c.c.o[0m
[2.026s] [ 90%] [32mBuilding C object CMakeFiles/vr_interfaces__rosidl_typesupport_c__pyext.dir/rosidl_generator_py/vr_interfaces/_vr_interfaces_s.ep.rosidl_typesupport_c.c.o[0m
[2.073s] [ 93%] [32m[1mLinking C shared library rosidl_generator_py/vr_interfaces/vr_interfaces_s__rosidl_typesupport_fastrtps_c.cpython-310-x86_64-linux-gnu.so[0m
[2.073s] [ 96%] [32m[1mLinking C shared library rosidl_generator_py/vr_interfaces/vr_interfaces_s__rosidl_typesupport_c.cpython-310-x86_64-linux-gnu.so[0m
[2.075s] [100%] [32m[1mLinking C shared library rosidl_generator_py/vr_interfaces/vr_interfaces_s__rosidl_typesupport_introspection_c.cpython-310-x86_64-linux-gnu.so[0m
[2.097s] [100%] Built target vr_interfaces__rosidl_typesupport_c__pyext
[2.099s] [100%] Built target vr_interfaces__rosidl_typesupport_fastrtps_c__pyext
[2.099s] [100%] Built target vr_interfaces__rosidl_typesupport_introspection_c__pyext
[2.105s] Invoked command in '/home/ultron/Desktop/ros2_ws/build/vr_interfaces' returned '0': CMAKE_PREFIX_PATH=/opt/ros/humble /usr/bin/cmake --build /home/ultron/Desktop/ros2_ws/build/vr_interfaces -- -j28 -l28
[2.154s] Invoking command in '/home/ultron/Desktop/ros2_ws/build/vr_interfaces': CMAKE_PREFIX_PATH=/opt/ros/humble /usr/bin/cmake --install /home/ultron/Desktop/ros2_ws/build/vr_interfaces
[2.158s] -- Install configuration: ""
[2.158s] -- Installing: /home/ultron/Desktop/ros2_ws/install/vr_interfaces/share/ament_index/resource_index/rosidl_interfaces/vr_interfaces
[2.158s] -- Installing: /home/ultron/Desktop/ros2_ws/install/vr_interfaces/include/vr_interfaces/vr_interfaces
[2.158s] -- Installing: /home/ultron/Desktop/ros2_ws/install/vr_interfaces/include/vr_interfaces/vr_interfaces/msg
[2.158s] -- Installing: /home/ultron/Desktop/ros2_ws/install/vr_interfaces/include/vr_interfaces/vr_interfaces/msg/detail
[2.158s] -- Installing: /home/ultron/Desktop/ros2_ws/install/vr_interfaces/include/vr_interfaces/vr_interfaces/msg/detail/pos_cmd__type_support.h
[2.158s] -- Installing: /home/ultron/Desktop/ros2_ws/install/vr_interfaces/include/vr_interfaces/vr_interfaces/msg/detail/pos_cmd__struct.h
[2.158s] -- Installing: /home/ultron/Desktop/ros2_ws/install/vr_interfaces/include/vr_interfaces/vr_interfaces/msg/detail/pos_cmd__functions.c
[2.158s] -- Installing: /home/ultron/Desktop/ros2_ws/install/vr_interfaces/include/vr_interfaces/vr_interfaces/msg/detail/pos_cmd__functions.h
[2.158s] -- Installing: /home/ultron/Desktop/ros2_ws/install/vr_interfaces/include/vr_interfaces/vr_interfaces/msg/pos_cmd.h
[2.158s] -- Installing: /home/ultron/Desktop/ros2_ws/install/vr_interfaces/include/vr_interfaces/vr_interfaces/msg/rosidl_generator_c__visibility_control.h
[2.158s] -- Installing: /home/ultron/Desktop/ros2_ws/install/vr_interfaces/share/vr_interfaces/environment/library_path.sh
[2.159s] -- Installing: /home/ultron/Desktop/ros2_ws/install/vr_interfaces/share/vr_interfaces/environment/library_path.dsv
[2.159s] -- Installing: /home/ultron/Desktop/ros2_ws/install/vr_interfaces/lib/libvr_interfaces__rosidl_generator_c.so
[2.159s] -- Set runtime path of "/home/ultron/Desktop/ros2_ws/install/vr_interfaces/lib/libvr_interfaces__rosidl_generator_c.so" to ""
[2.159s] -- Up-to-date: /home/ultron/Desktop/ros2_ws/install/vr_interfaces/include/vr_interfaces/vr_interfaces
[2.159s] -- Up-to-date: /home/ultron/Desktop/ros2_ws/install/vr_interfaces/include/vr_interfaces/vr_interfaces/msg
[2.159s] -- Up-to-date: /home/ultron/Desktop/ros2_ws/install/vr_interfaces/include/vr_interfaces/vr_interfaces/msg/detail
[2.159s] -- Installing: /home/ultron/Desktop/ros2_ws/install/vr_interfaces/include/vr_interfaces/vr_interfaces/msg/detail/pos_cmd__rosidl_typesupport_fastrtps_c.h
[2.159s] -- Installing: /home/ultron/Desktop/ros2_ws/install/vr_interfaces/include/vr_interfaces/vr_interfaces/msg/rosidl_typesupport_fastrtps_c__visibility_control.h
[2.159s] -- Installing: /home/ultron/Desktop/ros2_ws/install/vr_interfaces/lib/libvr_interfaces__rosidl_typesupport_fastrtps_c.so
[2.159s] -- Set runtime path of "/home/ultron/Desktop/ros2_ws/install/vr_interfaces/lib/libvr_interfaces__rosidl_typesupport_fastrtps_c.so" to ""
[2.159s] -- Up-to-date: /home/ultron/Desktop/ros2_ws/install/vr_interfaces/include/vr_interfaces/vr_interfaces
[2.159s] -- Up-to-date: /home/ultron/Desktop/ros2_ws/install/vr_interfaces/include/vr_interfaces/vr_interfaces/msg
[2.159s] -- Up-to-date: /home/ultron/Desktop/ros2_ws/install/vr_interfaces/include/vr_interfaces/vr_interfaces/msg/detail
[2.159s] -- Installing: /home/ultron/Desktop/ros2_ws/install/vr_interfaces/include/vr_interfaces/vr_interfaces/msg/detail/pos_cmd__rosidl_typesupport_introspection_c.h
[2.159s] -- Installing: /home/ultron/Desktop/ros2_ws/install/vr_interfaces/include/vr_interfaces/vr_interfaces/msg/detail/pos_cmd__type_support.c
[2.159s] -- Installing: /home/ultron/Desktop/ros2_ws/install/vr_interfaces/include/vr_interfaces/vr_interfaces/msg/rosidl_typesupport_introspection_c__visibility_control.h
[2.159s] -- Installing: /home/ultron/Desktop/ros2_ws/install/vr_interfaces/lib/libvr_interfaces__rosidl_typesupport_introspection_c.so
[2.159s] -- Set runtime path of "/home/ultron/Desktop/ros2_ws/install/vr_interfaces/lib/libvr_interfaces__rosidl_typesupport_introspection_c.so" to ""
[2.159s] -- Installing: /home/ultron/Desktop/ros2_ws/install/vr_interfaces/lib/libvr_interfaces__rosidl_typesupport_c.so
[2.159s] -- Set runtime path of "/home/ultron/Desktop/ros2_ws/install/vr_interfaces/lib/libvr_interfaces__rosidl_typesupport_c.so" to ""
[2.160s] -- Up-to-date: /home/ultron/Desktop/ros2_ws/install/vr_interfaces/include/vr_interfaces/vr_interfaces
[2.160s] -- Up-to-date: /home/ultron/Desktop/ros2_ws/install/vr_interfaces/include/vr_interfaces/vr_interfaces/msg
[2.160s] -- Installing: /home/ultron/Desktop/ros2_ws/install/vr_interfaces/include/vr_interfaces/vr_interfaces/msg/pos_cmd.hpp
[2.160s] -- Up-to-date: /home/ultron/Desktop/ros2_ws/install/vr_interfaces/include/vr_interfaces/vr_interfaces/msg/detail
[2.160s] -- Installing: /home/ultron/Desktop/ros2_ws/install/vr_interfaces/include/vr_interfaces/vr_interfaces/msg/detail/pos_cmd__type_support.hpp
[2.160s] -- Installing: /home/ultron/Desktop/ros2_ws/install/vr_interfaces/include/vr_interfaces/vr_interfaces/msg/detail/pos_cmd__struct.hpp
[2.160s] -- Installing: /home/ultron/Desktop/ros2_ws/install/vr_interfaces/include/vr_interfaces/vr_interfaces/msg/detail/pos_cmd__traits.hpp
[2.160s] -- Installing: /home/ultron/Desktop/ros2_ws/install/vr_interfaces/include/vr_interfaces/vr_interfaces/msg/detail/pos_cmd__builder.hpp
[2.160s] -- Installing: /home/ultron/Desktop/ros2_ws/install/vr_interfaces/include/vr_interfaces/vr_interfaces/msg/rosidl_generator_cpp__visibility_control.hpp
[2.160s] -- Up-to-date: /home/ultron/Desktop/ros2_ws/install/vr_interfaces/include/vr_interfaces/vr_interfaces
[2.160s] -- Up-to-date: /home/ultron/Desktop/ros2_ws/install/vr_interfaces/include/vr_interfaces/vr_interfaces/msg
[2.160s] -- Up-to-date: /home/ultron/Desktop/ros2_ws/install/vr_interfaces/include/vr_interfaces/vr_interfaces/msg/detail
[2.160s] -- Installing: /home/ultron/Desktop/ros2_ws/install/vr_interfaces/include/vr_interfaces/vr_interfaces/msg/detail/pos_cmd__rosidl_typesupport_fastrtps_cpp.hpp
[2.160s] -- Installing: /home/ultron/Desktop/ros2_ws/install/vr_interfaces/include/vr_interfaces/vr_interfaces/msg/detail/dds_fastrtps
[2.160s] -- Installing: /home/ultron/Desktop/ros2_ws/install/vr_interfaces/include/vr_interfaces/vr_interfaces/msg/rosidl_typesupport_fastrtps_cpp__visibility_control.h
[2.160s] -- Installing: /home/ultron/Desktop/ros2_ws/install/vr_interfaces/lib/libvr_interfaces__rosidl_typesupport_fastrtps_cpp.so
[2.160s] -- Set runtime path of "/home/ultron/Desktop/ros2_ws/install/vr_interfaces/lib/libvr_interfaces__rosidl_typesupport_fastrtps_cpp.so" to ""
[2.160s] -- Up-to-date: /home/ultron/Desktop/ros2_ws/install/vr_interfaces/include/vr_interfaces/vr_interfaces
[2.160s] -- Up-to-date: /home/ultron/Desktop/ros2_ws/install/vr_interfaces/include/vr_interfaces/vr_interfaces/msg
[2.160s] -- Up-to-date: /home/ultron/Desktop/ros2_ws/install/vr_interfaces/include/vr_interfaces/vr_interfaces/msg/detail
[2.160s] -- Installing: /home/ultron/Desktop/ros2_ws/install/vr_interfaces/include/vr_interfaces/vr_interfaces/msg/detail/pos_cmd__type_support.cpp
[2.160s] -- Installing: /home/ultron/Desktop/ros2_ws/install/vr_interfaces/include/vr_interfaces/vr_interfaces/msg/detail/pos_cmd__rosidl_typesupport_introspection_cpp.hpp
[2.160s] -- Installing: /home/ultron/Desktop/ros2_ws/install/vr_interfaces/lib/libvr_interfaces__rosidl_typesupport_introspection_cpp.so
[2.160s] -- Set runtime path of "/home/ultron/Desktop/ros2_ws/install/vr_interfaces/lib/libvr_interfaces__rosidl_typesupport_introspection_cpp.so" to ""
[2.160s] -- Installing: /home/ultron/Desktop/ros2_ws/install/vr_interfaces/lib/libvr_interfaces__rosidl_typesupport_cpp.so
[2.161s] -- Set runtime path of "/home/ultron/Desktop/ros2_ws/install/vr_interfaces/lib/libvr_interfaces__rosidl_typesupport_cpp.so" to ""
[2.161s] -- Installing: /home/ultron/Desktop/ros2_ws/install/vr_interfaces/share/vr_interfaces/environment/pythonpath.sh
[2.161s] -- Installing: /home/ultron/Desktop/ros2_ws/install/vr_interfaces/share/vr_interfaces/environment/pythonpath.dsv
[2.161s] -- Installing: /home/ultron/Desktop/ros2_ws/install/vr_interfaces/local/lib/python3.10/dist-packages/vr_interfaces-0.0.0-py3.10.egg-info
[2.161s] -- Installing: /home/ultron/Desktop/ros2_ws/install/vr_interfaces/local/lib/python3.10/dist-packages/vr_interfaces-0.0.0-py3.10.egg-info/SOURCES.txt
[2.161s] -- Installing: /home/ultron/Desktop/ros2_ws/install/vr_interfaces/local/lib/python3.10/dist-packages/vr_interfaces-0.0.0-py3.10.egg-info/top_level.txt
[2.161s] -- Installing: /home/ultron/Desktop/ros2_ws/install/vr_interfaces/local/lib/python3.10/dist-packages/vr_interfaces-0.0.0-py3.10.egg-info/PKG-INFO
[2.161s] -- Installing: /home/ultron/Desktop/ros2_ws/install/vr_interfaces/local/lib/python3.10/dist-packages/vr_interfaces-0.0.0-py3.10.egg-info/dependency_links.txt
[2.161s] -- Installing: /home/ultron/Desktop/ros2_ws/install/vr_interfaces/local/lib/python3.10/dist-packages/vr_interfaces
[2.162s] -- Installing: /home/ultron/Desktop/ros2_ws/install/vr_interfaces/local/lib/python3.10/dist-packages/vr_interfaces/__init__.py
[2.162s] -- Installing: /home/ultron/Desktop/ros2_ws/install/vr_interfaces/local/lib/python3.10/dist-packages/vr_interfaces/_vr_interfaces_s.ep.rosidl_typesupport_fastrtps_c.c
[2.162s] -- Installing: /home/ultron/Desktop/ros2_ws/install/vr_interfaces/local/lib/python3.10/dist-packages/vr_interfaces/msg
[2.162s] -- Installing: /home/ultron/Desktop/ros2_ws/install/vr_interfaces/local/lib/python3.10/dist-packages/vr_interfaces/msg/__init__.py
[2.162s] -- Installing: /home/ultron/Desktop/ros2_ws/install/vr_interfaces/local/lib/python3.10/dist-packages/vr_interfaces/msg/_pos_cmd_s.c
[2.162s] -- Installing: /home/ultron/Desktop/ros2_ws/install/vr_interfaces/local/lib/python3.10/dist-packages/vr_interfaces/msg/_pos_cmd.py
[2.162s] -- Installing: /home/ultron/Desktop/ros2_ws/install/vr_interfaces/local/lib/python3.10/dist-packages/vr_interfaces/_vr_interfaces_s.ep.rosidl_typesupport_c.c
[2.162s] -- Installing: /home/ultron/Desktop/ros2_ws/install/vr_interfaces/local/lib/python3.10/dist-packages/vr_interfaces/vr_interfaces_s__rosidl_typesupport_introspection_c.cpython-310-x86_64-linux-gnu.so
[2.162s] -- Installing: /home/ultron/Desktop/ros2_ws/install/vr_interfaces/local/lib/python3.10/dist-packages/vr_interfaces/vr_interfaces_s__rosidl_typesupport_c.cpython-310-x86_64-linux-gnu.so
[2.162s] -- Installing: /home/ultron/Desktop/ros2_ws/install/vr_interfaces/local/lib/python3.10/dist-packages/vr_interfaces/_vr_interfaces_s.ep.rosidl_typesupport_introspection_c.c
[2.162s] -- Installing: /home/ultron/Desktop/ros2_ws/install/vr_interfaces/local/lib/python3.10/dist-packages/vr_interfaces/vr_interfaces_s__rosidl_typesupport_fastrtps_c.cpython-310-x86_64-linux-gnu.so
[2.162s] -- Installing: /home/ultron/Desktop/ros2_ws/install/vr_interfaces/local/lib/python3.10/dist-packages/vr_interfaces/libvr_interfaces__rosidl_generator_py.so
[2.180s] Listing '/home/ultron/Desktop/ros2_ws/install/vr_interfaces/local/lib/python3.10/dist-packages/vr_interfaces'...
[2.180s] Compiling '/home/ultron/Desktop/ros2_ws/install/vr_interfaces/local/lib/python3.10/dist-packages/vr_interfaces/__init__.py'...
[2.180s] Listing '/home/ultron/Desktop/ros2_ws/install/vr_interfaces/local/lib/python3.10/dist-packages/vr_interfaces/msg'...
[2.180s] Compiling '/home/ultron/Desktop/ros2_ws/install/vr_interfaces/local/lib/python3.10/dist-packages/vr_interfaces/msg/__init__.py'...
[2.180s] Compiling '/home/ultron/Desktop/ros2_ws/install/vr_interfaces/local/lib/python3.10/dist-packages/vr_interfaces/msg/_pos_cmd.py'...
[2.182s] -- Installing: /home/ultron/Desktop/ros2_ws/install/vr_interfaces/local/lib/python3.10/dist-packages/vr_interfaces/vr_interfaces_s__rosidl_typesupport_fastrtps_c.cpython-310-x86_64-linux-gnu.so
[2.182s] -- Set runtime path of "/home/ultron/Desktop/ros2_ws/install/vr_interfaces/local/lib/python3.10/dist-packages/vr_interfaces/vr_interfaces_s__rosidl_typesupport_fastrtps_c.cpython-310-x86_64-linux-gnu.so" to ""
[2.182s] -- Installing: /home/ultron/Desktop/ros2_ws/install/vr_interfaces/local/lib/python3.10/dist-packages/vr_interfaces/vr_interfaces_s__rosidl_typesupport_introspection_c.cpython-310-x86_64-linux-gnu.so
[2.182s] -- Set runtime path of "/home/ultron/Desktop/ros2_ws/install/vr_interfaces/local/lib/python3.10/dist-packages/vr_interfaces/vr_interfaces_s__rosidl_typesupport_introspection_c.cpython-310-x86_64-linux-gnu.so" to ""
[2.182s] -- Installing: /home/ultron/Desktop/ros2_ws/install/vr_interfaces/local/lib/python3.10/dist-packages/vr_interfaces/vr_interfaces_s__rosidl_typesupport_c.cpython-310-x86_64-linux-gnu.so
[2.182s] -- Set runtime path of "/home/ultron/Desktop/ros2_ws/install/vr_interfaces/local/lib/python3.10/dist-packages/vr_interfaces/vr_interfaces_s__rosidl_typesupport_c.cpython-310-x86_64-linux-gnu.so" to ""
[2.182s] -- Installing: /home/ultron/Desktop/ros2_ws/install/vr_interfaces/lib/libvr_interfaces__rosidl_generator_py.so
[2.182s] -- Set runtime path of "/home/ultron/Desktop/ros2_ws/install/vr_interfaces/lib/libvr_interfaces__rosidl_generator_py.so" to ""
[2.182s] -- Installing: /home/ultron/Desktop/ros2_ws/install/vr_interfaces/share/vr_interfaces/msg/PosCmd.idl
[2.182s] -- Installing: /home/ultron/Desktop/ros2_ws/install/vr_interfaces/share/vr_interfaces/msg/PosCmd.msg
[2.182s] -- Installing: /home/ultron/Desktop/ros2_ws/install/vr_interfaces/share/ament_index/resource_index/package_run_dependencies/vr_interfaces
[2.182s] -- Installing: /home/ultron/Desktop/ros2_ws/install/vr_interfaces/share/ament_index/resource_index/parent_prefix_path/vr_interfaces
[2.182s] -- Installing: /home/ultron/Desktop/ros2_ws/install/vr_interfaces/share/vr_interfaces/environment/ament_prefix_path.sh
[2.182s] -- Installing: /home/ultron/Desktop/ros2_ws/install/vr_interfaces/share/vr_interfaces/environment/ament_prefix_path.dsv
[2.182s] -- Installing: /home/ultron/Desktop/ros2_ws/install/vr_interfaces/share/vr_interfaces/environment/path.sh
[2.182s] -- Installing: /home/ultron/Desktop/ros2_ws/install/vr_interfaces/share/vr_interfaces/environment/path.dsv
[2.182s] -- Installing: /home/ultron/Desktop/ros2_ws/install/vr_interfaces/share/vr_interfaces/local_setup.bash
[2.182s] -- Installing: /home/ultron/Desktop/ros2_ws/install/vr_interfaces/share/vr_interfaces/local_setup.sh
[2.182s] -- Installing: /home/ultron/Desktop/ros2_ws/install/vr_interfaces/share/vr_interfaces/local_setup.zsh
[2.182s] -- Installing: /home/ultron/Desktop/ros2_ws/install/vr_interfaces/share/vr_interfaces/local_setup.dsv
[2.182s] -- Installing: /home/ultron/Desktop/ros2_ws/install/vr_interfaces/share/vr_interfaces/package.dsv
[2.182s] -- Installing: /home/ultron/Desktop/ros2_ws/install/vr_interfaces/share/ament_index/resource_index/packages/vr_interfaces
[2.183s] -- Installing: /home/ultron/Desktop/ros2_ws/install/vr_interfaces/share/vr_interfaces/cmake/export_vr_interfaces__rosidl_generator_cExport.cmake
[2.183s] -- Installing: /home/ultron/Desktop/ros2_ws/install/vr_interfaces/share/vr_interfaces/cmake/export_vr_interfaces__rosidl_generator_cExport-noconfig.cmake
[2.183s] -- Installing: /home/ultron/Desktop/ros2_ws/install/vr_interfaces/share/vr_interfaces/cmake/export_vr_interfaces__rosidl_typesupport_fastrtps_cExport.cmake
[2.183s] -- Installing: /home/ultron/Desktop/ros2_ws/install/vr_interfaces/share/vr_interfaces/cmake/export_vr_interfaces__rosidl_typesupport_fastrtps_cExport-noconfig.cmake
[2.183s] -- Installing: /home/ultron/Desktop/ros2_ws/install/vr_interfaces/share/vr_interfaces/cmake/vr_interfaces__rosidl_typesupport_introspection_cExport.cmake
[2.183s] -- Installing: /home/ultron/Desktop/ros2_ws/install/vr_interfaces/share/vr_interfaces/cmake/vr_interfaces__rosidl_typesupport_introspection_cExport-noconfig.cmake
[2.183s] -- Installing: /home/ultron/Desktop/ros2_ws/install/vr_interfaces/share/vr_interfaces/cmake/vr_interfaces__rosidl_typesupport_cExport.cmake
[2.183s] -- Installing: /home/ultron/Desktop/ros2_ws/install/vr_interfaces/share/vr_interfaces/cmake/vr_interfaces__rosidl_typesupport_cExport-noconfig.cmake
[2.183s] -- Installing: /home/ultron/Desktop/ros2_ws/install/vr_interfaces/share/vr_interfaces/cmake/export_vr_interfaces__rosidl_generator_cppExport.cmake
[2.183s] -- Installing: /home/ultron/Desktop/ros2_ws/install/vr_interfaces/share/vr_interfaces/cmake/export_vr_interfaces__rosidl_typesupport_fastrtps_cppExport.cmake
[2.183s] -- Installing: /home/ultron/Desktop/ros2_ws/install/vr_interfaces/share/vr_interfaces/cmake/export_vr_interfaces__rosidl_typesupport_fastrtps_cppExport-noconfig.cmake
[2.183s] -- Installing: /home/ultron/Desktop/ros2_ws/install/vr_interfaces/share/vr_interfaces/cmake/vr_interfaces__rosidl_typesupport_introspection_cppExport.cmake
[2.183s] -- Installing: /home/ultron/Desktop/ros2_ws/install/vr_interfaces/share/vr_interfaces/cmake/vr_interfaces__rosidl_typesupport_introspection_cppExport-noconfig.cmake
[2.183s] -- Installing: /home/ultron/Desktop/ros2_ws/install/vr_interfaces/share/vr_interfaces/cmake/vr_interfaces__rosidl_typesupport_cppExport.cmake
[2.183s] -- Installing: /home/ultron/Desktop/ros2_ws/install/vr_interfaces/share/vr_interfaces/cmake/vr_interfaces__rosidl_typesupport_cppExport-noconfig.cmake
[2.183s] -- Installing: /home/ultron/Desktop/ros2_ws/install/vr_interfaces/share/vr_interfaces/cmake/export_vr_interfaces__rosidl_generator_pyExport.cmake
[2.183s] -- Installing: /home/ultron/Desktop/ros2_ws/install/vr_interfaces/share/vr_interfaces/cmake/export_vr_interfaces__rosidl_generator_pyExport-noconfig.cmake
[2.183s] -- Installing: /home/ultron/Desktop/ros2_ws/install/vr_interfaces/share/vr_interfaces/cmake/rosidl_cmake-extras.cmake
[2.183s] -- Installing: /home/ultron/Desktop/ros2_ws/install/vr_interfaces/share/vr_interfaces/cmake/ament_cmake_export_dependencies-extras.cmake
[2.183s] -- Installing: /home/ultron/Desktop/ros2_ws/install/vr_interfaces/share/vr_interfaces/cmake/ament_cmake_export_include_directories-extras.cmake
[2.183s] -- Installing: /home/ultron/Desktop/ros2_ws/install/vr_interfaces/share/vr_interfaces/cmake/ament_cmake_export_libraries-extras.cmake
[2.183s] -- Installing: /home/ultron/Desktop/ros2_ws/install/vr_interfaces/share/vr_interfaces/cmake/ament_cmake_export_targets-extras.cmake
[2.183s] -- Installing: /home/ultron/Desktop/ros2_ws/install/vr_interfaces/share/vr_interfaces/cmake/rosidl_cmake_export_typesupport_targets-extras.cmake
[2.183s] -- Installing: /home/ultron/Desktop/ros2_ws/install/vr_interfaces/share/vr_interfaces/cmake/rosidl_cmake_export_typesupport_libraries-extras.cmake
[2.183s] -- Installing: /home/ultron/Desktop/ros2_ws/install/vr_interfaces/share/vr_interfaces/cmake/vr_interfacesConfig.cmake
[2.183s] -- Installing: /home/ultron/Desktop/ros2_ws/install/vr_interfaces/share/vr_interfaces/cmake/vr_interfacesConfig-version.cmake
[2.184s] -- Installing: /home/ultron/Desktop/ros2_ws/install/vr_interfaces/share/vr_interfaces/package.xml
[2.185s] Invoked command in '/home/ultron/Desktop/ros2_ws/build/vr_interfaces' returned '0': CMAKE_PREFIX_PATH=/opt/ros/humble /usr/bin/cmake --install /home/ultron/Desktop/ros2_ws/build/vr_interfaces
